# JRE version: Java(TM) SE Runtime Environment (8.0_91-b15) (build 1.8.0_91-b15)
# Java VM: Java HotSpot(TM) 64-Bit Server VM (25.91-b15 mixed mode windows-amd64 compressed oops)
Heap:
 PSYoungGen      total 133632K, used 41807K [0x00000000d8500000, 0x00000000e7b00000, 0x0000000100000000)
  eden space 122880K, 25% used [0x00000000d8500000,0x00000000da356280,0x00000000dfd00000)
  from space 10752K, 99% used [0x00000000dfd00000,0x00000000e077da30,0x00000000e0780000)
  to   space 17408K, 0% used [0x00000000e6a00000,0x00000000e6a00000,0x00000000e7b00000)
 ParOldGen       total 52736K, used 19061K [0x0000000088e00000, 0x000000008c180000, 0x00000000d8500000)
  object space 52736K, 36% used [0x0000000088e00000,0x000000008a09d4d0,0x000000008c180000)
 Metaspace       used 31177K, capacity 32162K, committed 32384K, reserved 1077248K
  class space    used 3935K, capacity 4153K, committed 4224K, reserved 1048576K
GC Heap History (10 events):
Event: 2.765 GC heap before
{Heap before GC invocations=4 (full 0):
 PSYoungGen      total 35840K, used 35825K [0x00000000d8500000, 0x00000000dcb00000, 0x0000000100000000)
  eden space 30720K, 100% used [0x00000000d8500000,0x00000000da300000,0x00000000da300000)
  from space 5120K, 99% used [0x00000000da300000,0x00000000da7fc480,0x00000000da800000)
  to   space 5120K, 0% used [0x00000000dc600000,0x00000000dc600000,0x00000000dcb00000)
 ParOldGen       total 81920K, used 5058K [0x0000000088e00000, 0x000000008de00000, 0x00000000d8500000)
  object space 81920K, 6% used [0x0000000088e00000,0x00000000892f0be0,0x000000008de00000)
 Metaspace       used 11542K, capacity 11844K, committed 12032K, reserved 1060864K
  class space    used 1371K, capacity 1452K, committed 1536K, reserved 1048576K
Event: 2.768 GC heap after
Heap after GC invocations=4 (full 0):
 PSYoungGen      total 66560K, used 5105K [0x00000000d8500000, 0x00000000dcb00000, 0x0000000100000000)
  eden space 61440K, 0% used [0x00000000d8500000,0x00000000d8500000,0x00000000dc100000)
  from space 5120K, 99% used [0x00000000dc600000,0x00000000dcafc480,0x00000000dcb00000)
  to   space 5120K, 0% used [0x00000000dc100000,0x00000000dc100000,0x00000000dc600000)
 ParOldGen       total 81920K, used 5074K [0x0000000088e00000, 0x000000008de00000, 0x00000000d8500000)
  object space 81920K, 6% used [0x0000000088e00000,0x00000000892f4be0,0x000000008de00000)
 Metaspace       used 11542K, capacity 11844K, committed 12032K, reserved 1060864K
  class space    used 1371K, capacity 1452K, committed 1536K, reserved 1048576K
}
Event: 4.502 GC heap before
{Heap before GC invocations=5 (full 0):
 PSYoungGen      total 66560K, used 66545K [0x00000000d8500000, 0x00000000dcb00000, 0x0000000100000000)
  eden space 61440K, 100% used [0x00000000d8500000,0x00000000dc100000,0x00000000dc100000)
  from space 5120K, 99% used [0x00000000dc600000,0x00000000dcafc480,0x00000000dcb00000)
  to   space 5120K, 0% used [0x00000000dc100000,0x00000000dc100000,0x00000000dc600000)
 ParOldGen       total 81920K, used 5074K [0x0000000088e00000, 0x000000008de00000, 0x00000000d8500000)
  object space 81920K, 6% used [0x0000000088e00000,0x00000000892f4be0,0x000000008de00000)
 Metaspace       used 15386K, capacity 15678K, committed 16128K, reserved 1062912K
  class space    used 1831K, capacity 1937K, committed 2048K, reserved 1048576K
Event: 4.507 GC heap after
Heap after GC invocations=5 (full 0):
 PSYoungGen      total 66560K, used 5099K [0x00000000d8500000, 0x00000000e1200000, 0x0000000100000000)
  eden space 61440K, 0% used [0x00000000d8500000,0x00000000d8500000,0x00000000dc100000)
  from space 5120K, 99% used [0x00000000dc100000,0x00000000dc5faf58,0x00000000dc600000)
  to   space 10752K, 0% used [0x00000000e0780000,0x00000000e0780000,0x00000000e1200000)
 ParOldGen       total 81920K, used 8422K [0x0000000088e00000, 0x000000008de00000, 0x00000000d8500000)
  object space 81920K, 10% used [0x0000000088e00000,0x0000000089639ab0,0x000000008de00000)
 Metaspace       used 15386K, capacity 15678K, committed 16128K, reserved 1062912K
  class space    used 1831K, capacity 1937K, committed 2048K, reserved 1048576K
}
Event: 4.876 GC heap before
{Heap before GC invocations=6 (full 0):
 PSYoungGen      total 66560K, used 20779K [0x00000000d8500000, 0x00000000e1200000, 0x0000000100000000)
  eden space 61440K, 25% used [0x00000000d8500000,0x00000000d944fd68,0x00000000dc100000)
  from space 5120K, 99% used [0x00000000dc100000,0x00000000dc5faf58,0x00000000dc600000)
  to   space 10752K, 0% used [0x00000000e0780000,0x00000000e0780000,0x00000000e1200000)
 ParOldGen       total 81920K, used 8422K [0x0000000088e00000, 0x000000008de00000, 0x00000000d8500000)
  object space 81920K, 10% used [0x0000000088e00000,0x0000000089639ab0,0x000000008de00000)
 Metaspace       used 20664K, capacity 21088K, committed 21248K, reserved 1067008K
  class space    used 2598K, capacity 2724K, committed 2816K, reserved 1048576K
Event: 4.880 GC heap after
Heap after GC invocations=6 (full 0):
 PSYoungGen      total 133632K, used 7596K [0x00000000d8500000, 0x00000000e1200000, 0x0000000100000000)
  eden space 122880K, 0% used [0x00000000d8500000,0x00000000d8500000,0x00000000dfd00000)
  from space 10752K, 70% used [0x00000000e0780000,0x00000000e0eeb280,0x00000000e1200000)
  to   space 10752K, 0% used [0x00000000dfd00000,0x00000000dfd00000,0x00000000e0780000)
 ParOldGen       total 81920K, used 8430K [0x0000000088e00000, 0x000000008de00000, 0x00000000d8500000)
  object space 81920K, 10% used [0x0000000088e00000,0x000000008963bab0,0x000000008de00000)
 Metaspace       used 20664K, capacity 21088K, committed 21248K, reserved 1067008K
  class space    used 2598K, capacity 2724K, committed 2816K, reserved 1048576K
}
Event: 4.880 GC heap before
{Heap before GC invocations=7 (full 1):
 PSYoungGen      total 133632K, used 7596K [0x00000000d8500000, 0x00000000e1200000, 0x0000000100000000)
  eden space 122880K, 0% used [0x00000000d8500000,0x00000000d8500000,0x00000000dfd00000)
  from space 10752K, 70% used [0x00000000e0780000,0x00000000e0eeb280,0x00000000e1200000)
  to   space 10752K, 0% used [0x00000000dfd00000,0x00000000dfd00000,0x00000000e0780000)
 ParOldGen       total 81920K, used 8430K [0x0000000088e00000, 0x000000008de00000, 0x00000000d8500000)
  object space 81920K, 10% used [0x0000000088e00000,0x000000008963bab0,0x000000008de00000)
 Metaspace       used 20664K, capacity 21088K, committed 21248K, reserved 1067008K
  class space    used 2598K, capacity 2724K, committed 2816K, reserved 1048576K
Event: 4.912 GC heap after
Heap after GC invocations=7 (full 1):
 PSYoungGen      total 133632K, used 0K [0x00000000d8500000, 0x00000000e1200000, 0x0000000100000000)
  eden space 122880K, 0% used [0x00000000d8500000,0x00000000d8500000,0x00000000dfd00000)
  from space 10752K, 0% used [0x00000000e0780000,0x00000000e0780000,0x00000000e1200000)
  to   space 10752K, 0% used [0x00000000dfd00000,0x00000000dfd00000,0x00000000e0780000)
 ParOldGen       total 52736K, used 9932K [0x0000000088e00000, 0x000000008c180000, 0x00000000d8500000)
  object space 52736K, 18% used [0x0000000088e00000,0x00000000897b30d8,0x000000008c180000)
 Metaspace       used 20664K, capacity 21088K, committed 21248K, reserved 1067008K
  class space    used 2598K, capacity 2724K, committed 2816K, reserved 1048576K
}
Event: 8.032 GC heap before
{Heap before GC invocations=8 (full 1):
 PSYoungGen      total 133632K, used 122880K [0x00000000d8500000, 0x00000000e1200000, 0x0000000100000000)
  eden space 122880K, 100% used [0x00000000d8500000,0x00000000dfd00000,0x00000000dfd00000)
  from space 10752K, 0% used [0x00000000e0780000,0x00000000e0780000,0x00000000e1200000)
  to   space 10752K, 0% used [0x00000000dfd00000,0x00000000dfd00000,0x00000000e0780000)
 ParOldGen       total 52736K, used 9932K [0x0000000088e00000, 0x000000008c180000, 0x00000000d8500000)
  object space 52736K, 18% used [0x0000000088e00000,0x00000000897b30d8,0x000000008c180000)
 Metaspace       used 30766K, capacity 31682K, committed 31872K, reserved 1077248K
  class space    used 3916K, capacity 4121K, committed 4224K, reserved 1048576K
Event: 8.045 GC heap after
Heap after GC invocations=8 (full 1):
 PSYoungGen      total 133632K, used 10742K [0x00000000d8500000, 0x00000000e7b00000, 0x0000000100000000)
  eden space 122880K, 0% used [0x00000000d8500000,0x00000000d8500000,0x00000000dfd00000)
  from space 10752K, 99% used [0x00000000dfd00000,0x00000000e077da30,0x00000000e0780000)
  to   space 17408K, 0% used [0x00000000e6a00000,0x00000000e6a00000,0x00000000e7b00000)
 ParOldGen       total 52736K, used 19061K [0x0000000088e00000, 0x000000008c180000, 0x00000000d8500000)
  object space 52736K, 36% used [0x0000000088e00000,0x000000008a09d4d0,0x000000008c180000)
 Metaspace       used 30766K, capacity 31682K, committed 31872K, reserved 1077248K
  class space    used 3916K, capacity 4121K, committed 4224K, reserved 1048576K
}

