# JRE version: Java(TM) SE Runtime Environment (8.0_91-b15) (build 1.8.0_91-b15)
# Java VM: Java HotSpot(TM) 64-Bit Server VM (25.91-b15 mixed mode windows-amd64 compressed oops)
Heap:
 PSYoungGen      total 133120K, used 40408K [0x00000000d8500000, 0x00000000e7800000, 0x0000000100000000)
  eden space 122880K, 24% used [0x00000000d8500000,0x00000000da277cb0,0x00000000dfd00000)
  from space 10240K, 99% used [0x00000000dfd00000,0x00000000e06fe6c8,0x00000000e0700000)
  to   space 16896K, 0% used [0x00000000e6780000,0x00000000e6780000,0x00000000e7800000)
 ParOldGen       total 53248K, used 20326K [0x0000000088e00000, 0x000000008c200000, 0x00000000d8500000)
  object space 53248K, 38% used [0x0000000088e00000,0x000000008a1d9ba8,0x000000008c200000)
 Metaspace       used 31229K, capacity 32200K, committed 32384K, reserved 1077248K
  class space    used 3941K, capacity 4186K, committed 4224K, reserved 1048576K
GC Heap History (10 events):
Event: 2.770 GC heap before
{Heap before GC invocations=4 (full 0):
 PSYoungGen      total 35840K, used 35809K [0x00000000d8500000, 0x00000000dcb00000, 0x0000000100000000)
  eden space 30720K, 100% used [0x00000000d8500000,0x00000000da300000,0x00000000da300000)
  from space 5120K, 99% used [0x00000000da300000,0x00000000da7f8490,0x00000000da800000)
  to   space 5120K, 0% used [0x00000000dc600000,0x00000000dc600000,0x00000000dcb00000)
 ParOldGen       total 81920K, used 5050K [0x0000000088e00000, 0x000000008de00000, 0x00000000d8500000)
  object space 81920K, 6% used [0x0000000088e00000,0x00000000892eebe0,0x000000008de00000)
 Metaspace       used 11527K, capacity 11780K, committed 12032K, reserved 1060864K
  class space    used 1369K, capacity 1452K, committed 1536K, reserved 1048576K
Event: 2.772 GC heap after
Heap after GC invocations=4 (full 0):
 PSYoungGen      total 66560K, used 5089K [0x00000000d8500000, 0x00000000dcb00000, 0x0000000100000000)
  eden space 61440K, 0% used [0x00000000d8500000,0x00000000d8500000,0x00000000dc100000)
  from space 5120K, 99% used [0x00000000dc600000,0x00000000dcaf8490,0x00000000dcb00000)
  to   space 5120K, 0% used [0x00000000dc100000,0x00000000dc100000,0x00000000dc600000)
 ParOldGen       total 81920K, used 5082K [0x0000000088e00000, 0x000000008de00000, 0x00000000d8500000)
  object space 81920K, 6% used [0x0000000088e00000,0x00000000892f6be0,0x000000008de00000)
 Metaspace       used 11527K, capacity 11780K, committed 12032K, reserved 1060864K
  class space    used 1369K, capacity 1452K, committed 1536K, reserved 1048576K
}
Event: 4.571 GC heap before
{Heap before GC invocations=5 (full 0):
 PSYoungGen      total 66560K, used 66529K [0x00000000d8500000, 0x00000000dcb00000, 0x0000000100000000)
  eden space 61440K, 100% used [0x00000000d8500000,0x00000000dc100000,0x00000000dc100000)
  from space 5120K, 99% used [0x00000000dc600000,0x00000000dcaf8490,0x00000000dcb00000)
  to   space 5120K, 0% used [0x00000000dc100000,0x00000000dc100000,0x00000000dc600000)
 ParOldGen       total 81920K, used 5082K [0x0000000088e00000, 0x000000008de00000, 0x00000000d8500000)
  object space 81920K, 6% used [0x0000000088e00000,0x00000000892f6be0,0x000000008de00000)
 Metaspace       used 15365K, capacity 15646K, committed 16000K, reserved 1062912K
  class space    used 1825K, capacity 1905K, committed 1920K, reserved 1048576K
Event: 4.576 GC heap after
Heap after GC invocations=5 (full 0):
 PSYoungGen      total 66560K, used 5100K [0x00000000d8500000, 0x00000000e1200000, 0x0000000100000000)
  eden space 61440K, 0% used [0x00000000d8500000,0x00000000d8500000,0x00000000dc100000)
  from space 5120K, 99% used [0x00000000dc100000,0x00000000dc5fb178,0x00000000dc600000)
  to   space 10752K, 0% used [0x00000000e0780000,0x00000000e0780000,0x00000000e1200000)
 ParOldGen       total 81920K, used 8723K [0x0000000088e00000, 0x000000008de00000, 0x00000000d8500000)
  object space 81920K, 10% used [0x0000000088e00000,0x0000000089684f30,0x000000008de00000)
 Metaspace       used 15365K, capacity 15646K, committed 16000K, reserved 1062912K
  class space    used 1825K, capacity 1905K, committed 1920K, reserved 1048576K
}
Event: 4.951 GC heap before
{Heap before GC invocations=6 (full 0):
 PSYoungGen      total 66560K, used 22407K [0x00000000d8500000, 0x00000000e1200000, 0x0000000100000000)
  eden space 61440K, 28% used [0x00000000d8500000,0x00000000d95e6c40,0x00000000dc100000)
  from space 5120K, 99% used [0x00000000dc100000,0x00000000dc5fb178,0x00000000dc600000)
  to   space 10752K, 0% used [0x00000000e0780000,0x00000000e0780000,0x00000000e1200000)
 ParOldGen       total 81920K, used 8723K [0x0000000088e00000, 0x000000008de00000, 0x00000000d8500000)
  object space 81920K, 10% used [0x0000000088e00000,0x0000000089684f30,0x000000008de00000)
 Metaspace       used 20667K, capacity 21088K, committed 21248K, reserved 1067008K
  class space    used 2596K, capacity 2724K, committed 2816K, reserved 1048576K
Event: 4.956 GC heap after
Heap after GC invocations=6 (full 0):
 PSYoungGen      total 132608K, used 5981K [0x00000000d8500000, 0x00000000e1100000, 0x0000000100000000)
  eden space 122880K, 0% used [0x00000000d8500000,0x00000000d8500000,0x00000000dfd00000)
  from space 9728K, 61% used [0x00000000e0780000,0x00000000e0d57630,0x00000000e1100000)
  to   space 10240K, 0% used [0x00000000dfd00000,0x00000000dfd00000,0x00000000e0700000)
 ParOldGen       total 81920K, used 8731K [0x0000000088e00000, 0x000000008de00000, 0x00000000d8500000)
  object space 81920K, 10% used [0x0000000088e00000,0x0000000089686f30,0x000000008de00000)
 Metaspace       used 20667K, capacity 21088K, committed 21248K, reserved 1067008K
  class space    used 2596K, capacity 2724K, committed 2816K, reserved 1048576K
}
Event: 4.956 GC heap before
{Heap before GC invocations=7 (full 1):
 PSYoungGen      total 132608K, used 5981K [0x00000000d8500000, 0x00000000e1100000, 0x0000000100000000)
  eden space 122880K, 0% used [0x00000000d8500000,0x00000000d8500000,0x00000000dfd00000)
  from space 9728K, 61% used [0x00000000e0780000,0x00000000e0d57630,0x00000000e1100000)
  to   space 10240K, 0% used [0x00000000dfd00000,0x00000000dfd00000,0x00000000e0700000)
 ParOldGen       total 81920K, used 8731K [0x0000000088e00000, 0x000000008de00000, 0x00000000d8500000)
  object space 81920K, 10% used [0x0000000088e00000,0x0000000089686f30,0x000000008de00000)
 Metaspace       used 20667K, capacity 21088K, committed 21248K, reserved 1067008K
  class space    used 2596K, capacity 2724K, committed 2816K, reserved 1048576K
Event: 4.989 GC heap after
Heap after GC invocations=7 (full 1):
 PSYoungGen      total 132608K, used 0K [0x00000000d8500000, 0x00000000e1100000, 0x0000000100000000)
  eden space 122880K, 0% used [0x00000000d8500000,0x00000000d8500000,0x00000000dfd00000)
  from space 9728K, 0% used [0x00000000e0780000,0x00000000e0780000,0x00000000e1100000)
  to   space 10240K, 0% used [0x00000000dfd00000,0x00000000dfd00000,0x00000000e0700000)
 ParOldGen       total 53248K, used 9913K [0x0000000088e00000, 0x000000008c200000, 0x00000000d8500000)
  object space 53248K, 18% used [0x0000000088e00000,0x00000000897ae400,0x000000008c200000)
 Metaspace       used 20667K, capacity 21088K, committed 21248K, reserved 1067008K
  class space    used 2596K, capacity 2724K, committed 2816K, reserved 1048576K
}
Event: 7.970 GC heap before
{Heap before GC invocations=8 (full 1):
 PSYoungGen      total 132608K, used 122880K [0x00000000d8500000, 0x00000000e1100000, 0x0000000100000000)
  eden space 122880K, 100% used [0x00000000d8500000,0x00000000dfd00000,0x00000000dfd00000)
  from space 9728K, 0% used [0x00000000e0780000,0x00000000e0780000,0x00000000e1100000)
  to   space 10240K, 0% used [0x00000000dfd00000,0x00000000dfd00000,0x00000000e0700000)
 ParOldGen       total 53248K, used 9913K [0x0000000088e00000, 0x000000008c200000, 0x00000000d8500000)
  object space 53248K, 18% used [0x0000000088e00000,0x00000000897ae400,0x000000008c200000)
 Metaspace       used 30694K, capacity 31618K, committed 31872K, reserved 1077248K
  class space    used 3920K, capacity 4121K, committed 4224K, reserved 1048576K
Event: 7.983 GC heap after
Heap after GC invocations=8 (full 1):
 PSYoungGen      total 133120K, used 10233K [0x00000000d8500000, 0x00000000e7800000, 0x0000000100000000)
  eden space 122880K, 0% used [0x00000000d8500000,0x00000000d8500000,0x00000000dfd00000)
  from space 10240K, 99% used [0x00000000dfd00000,0x00000000e06fe6c8,0x00000000e0700000)
  to   space 16896K, 0% used [0x00000000e6780000,0x00000000e6780000,0x00000000e7800000)
 ParOldGen       total 53248K, used 20326K [0x0000000088e00000, 0x000000008c200000, 0x00000000d8500000)
  object space 53248K, 38% used [0x0000000088e00000,0x000000008a1d9ba8,0x000000008c200000)
 Metaspace       used 30694K, capacity 31618K, committed 31872K, reserved 1077248K
  class space    used 3920K, capacity 4121K, committed 4224K, reserved 1048576K
}

