# JRE version: Java(TM) SE Runtime Environment (8.0_91-b15) (build 1.8.0_91-b15)
# Java VM: Java HotSpot(TM) 64-Bit Server VM (25.91-b15 mixed mode windows-amd64 compressed oops)
Heap:
 PSYoungGen      total 133632K, used 40048K [0x00000000d8500000, 0x00000000e1800000, 0x0000000100000000)
  eden space 121344K, 33% used [0x00000000d8500000,0x00000000dac1c228,0x00000000dfb80000)
  from space 12288K, 0% used [0x00000000e0900000,0x00000000e0900000,0x00000000e1500000)
  to   space 13824K, 0% used [0x00000000dfb80000,0x00000000dfb80000,0x00000000e0900000)
 ParOldGen       total 58880K, used 14192K [0x0000000088e00000, 0x000000008c780000, 0x00000000d8500000)
  object space 58880K, 24% used [0x0000000088e00000,0x0000000089bdc1c8,0x000000008c780000)
 Metaspace       used 28948K, capacity 29788K, committed 29824K, reserved 1075200K
  class space    used 3759K, capacity 3956K, committed 3968K, reserved 1048576K
GC Heap History (10 events):
Event: 2.680 GC heap before
{Heap before GC invocations=3 (full 0):
 PSYoungGen      total 35840K, used 35825K [0x00000000d8500000, 0x00000000dad00000, 0x0000000100000000)
  eden space 30720K, 100% used [0x00000000d8500000,0x00000000da300000,0x00000000da300000)
  from space 5120K, 99% used [0x00000000da800000,0x00000000dacfc480,0x00000000dad00000)
  to   space 5120K, 0% used [0x00000000da300000,0x00000000da300000,0x00000000da800000)
 ParOldGen       total 81920K, used 4994K [0x0000000088e00000, 0x000000008de00000, 0x00000000d8500000)
  object space 81920K, 6% used [0x0000000088e00000,0x00000000892e0be0,0x000000008de00000)
 Metaspace       used 11466K, capacity 11780K, committed 12032K, reserved 1060864K
  class space    used 1366K, capacity 1452K, committed 1536K, reserved 1048576K
Event: 2.683 GC heap after
Heap after GC invocations=3 (full 0):
 PSYoungGen      total 35840K, used 5105K [0x00000000d8500000, 0x00000000dcb00000, 0x0000000100000000)
  eden space 30720K, 0% used [0x00000000d8500000,0x00000000d8500000,0x00000000da300000)
  from space 5120K, 99% used [0x00000000da300000,0x00000000da7fc480,0x00000000da800000)
  to   space 5120K, 0% used [0x00000000dc600000,0x00000000dc600000,0x00000000dcb00000)
 ParOldGen       total 81920K, used 5026K [0x0000000088e00000, 0x000000008de00000, 0x00000000d8500000)
  object space 81920K, 6% used [0x0000000088e00000,0x00000000892e8be0,0x000000008de00000)
 Metaspace       used 11466K, capacity 11780K, committed 12032K, reserved 1060864K
  class space    used 1366K, capacity 1452K, committed 1536K, reserved 1048576K
}
Event: 2.724 GC heap before
{Heap before GC invocations=4 (full 0):
 PSYoungGen      total 35840K, used 35825K [0x00000000d8500000, 0x00000000dcb00000, 0x0000000100000000)
  eden space 30720K, 100% used [0x00000000d8500000,0x00000000da300000,0x00000000da300000)
  from space 5120K, 99% used [0x00000000da300000,0x00000000da7fc480,0x00000000da800000)
  to   space 5120K, 0% used [0x00000000dc600000,0x00000000dc600000,0x00000000dcb00000)
 ParOldGen       total 81920K, used 5026K [0x0000000088e00000, 0x000000008de00000, 0x00000000d8500000)
  object space 81920K, 6% used [0x0000000088e00000,0x00000000892e8be0,0x000000008de00000)
 Metaspace       used 11466K, capacity 11780K, committed 12032K, reserved 1060864K
  class space    used 1366K, capacity 1452K, committed 1536K, reserved 1048576K
Event: 2.727 GC heap after
Heap after GC invocations=4 (full 0):
 PSYoungGen      total 66560K, used 5105K [0x00000000d8500000, 0x00000000dcb00000, 0x0000000100000000)
  eden space 61440K, 0% used [0x00000000d8500000,0x00000000d8500000,0x00000000dc100000)
  from space 5120K, 99% used [0x00000000dc600000,0x00000000dcafc480,0x00000000dcb00000)
  to   space 5120K, 0% used [0x00000000dc100000,0x00000000dc100000,0x00000000dc600000)
 ParOldGen       total 81920K, used 5034K [0x0000000088e00000, 0x000000008de00000, 0x00000000d8500000)
  object space 81920K, 6% used [0x0000000088e00000,0x00000000892eabe0,0x000000008de00000)
 Metaspace       used 11466K, capacity 11780K, committed 12032K, reserved 1060864K
  class space    used 1366K, capacity 1452K, committed 1536K, reserved 1048576K
}
Event: 4.517 GC heap before
{Heap before GC invocations=5 (full 0):
 PSYoungGen      total 66560K, used 66545K [0x00000000d8500000, 0x00000000dcb00000, 0x0000000100000000)
  eden space 61440K, 100% used [0x00000000d8500000,0x00000000dc100000,0x00000000dc100000)
  from space 5120K, 99% used [0x00000000dc600000,0x00000000dcafc480,0x00000000dcb00000)
  to   space 5120K, 0% used [0x00000000dc100000,0x00000000dc100000,0x00000000dc600000)
 ParOldGen       total 81920K, used 5034K [0x0000000088e00000, 0x000000008de00000, 0x00000000d8500000)
  object space 81920K, 6% used [0x0000000088e00000,0x00000000892eabe0,0x000000008de00000)
 Metaspace       used 15325K, capacity 15582K, committed 15744K, reserved 1062912K
  class space    used 1823K, capacity 1905K, committed 1920K, reserved 1048576K
Event: 4.522 GC heap after
Heap after GC invocations=5 (full 0):
 PSYoungGen      total 66560K, used 5102K [0x00000000d8500000, 0x00000000e1500000, 0x0000000100000000)
  eden space 61440K, 0% used [0x00000000d8500000,0x00000000d8500000,0x00000000dc100000)
  from space 5120K, 99% used [0x00000000dc100000,0x00000000dc5fb8e8,0x00000000dc600000)
  to   space 12288K, 0% used [0x00000000e0900000,0x00000000e0900000,0x00000000e1500000)
 ParOldGen       total 81920K, used 10759K [0x0000000088e00000, 0x000000008de00000, 0x00000000d8500000)
  object space 81920K, 13% used [0x0000000088e00000,0x0000000089881c60,0x000000008de00000)
 Metaspace       used 15325K, capacity 15582K, committed 15744K, reserved 1062912K
  class space    used 1823K, capacity 1905K, committed 1920K, reserved 1048576K
}
Event: 6.854 GC heap before
{Heap before GC invocations=6 (full 0):
 PSYoungGen      total 66560K, used 44639K [0x00000000d8500000, 0x00000000e1500000, 0x0000000100000000)
  eden space 61440K, 64% used [0x00000000d8500000,0x00000000dab9c6e0,0x00000000dc100000)
  from space 5120K, 99% used [0x00000000dc100000,0x00000000dc5fb8e8,0x00000000dc600000)
  to   space 12288K, 0% used [0x00000000e0900000,0x00000000e0900000,0x00000000e1500000)
 ParOldGen       total 81920K, used 10759K [0x0000000088e00000, 0x000000008de00000, 0x00000000d8500000)
  object space 81920K, 13% used [0x0000000088e00000,0x0000000089881c60,0x000000008de00000)
 Metaspace       used 20672K, capacity 21030K, committed 21248K, reserved 1069056K
  class space    used 2380K, capacity 2493K, committed 2560K, reserved 1048576K
Event: 6.862 GC heap after
Heap after GC invocations=6 (full 0):
 PSYoungGen      total 133632K, used 10896K [0x00000000d8500000, 0x00000000e1800000, 0x0000000100000000)
  eden space 121344K, 0% used [0x00000000d8500000,0x00000000d8500000,0x00000000dfb80000)
  from space 12288K, 88% used [0x00000000e0900000,0x00000000e13a4238,0x00000000e1500000)
  to   space 13824K, 0% used [0x00000000dfb80000,0x00000000dfb80000,0x00000000e0900000)
 ParOldGen       total 81920K, used 10775K [0x0000000088e00000, 0x000000008de00000, 0x00000000d8500000)
  object space 81920K, 13% used [0x0000000088e00000,0x0000000089885c60,0x000000008de00000)
 Metaspace       used 20672K, capacity 21030K, committed 21248K, reserved 1069056K
  class space    used 2380K, capacity 2493K, committed 2560K, reserved 1048576K
}
Event: 6.862 GC heap before
{Heap before GC invocations=7 (full 1):
 PSYoungGen      total 133632K, used 10896K [0x00000000d8500000, 0x00000000e1800000, 0x0000000100000000)
  eden space 121344K, 0% used [0x00000000d8500000,0x00000000d8500000,0x00000000dfb80000)
  from space 12288K, 88% used [0x00000000e0900000,0x00000000e13a4238,0x00000000e1500000)
  to   space 13824K, 0% used [0x00000000dfb80000,0x00000000dfb80000,0x00000000e0900000)
 ParOldGen       total 81920K, used 10775K [0x0000000088e00000, 0x000000008de00000, 0x00000000d8500000)
  object space 81920K, 13% used [0x0000000088e00000,0x0000000089885c60,0x000000008de00000)
 Metaspace       used 20672K, capacity 21030K, committed 21248K, reserved 1069056K
  class space    used 2380K, capacity 2493K, committed 2560K, reserved 1048576K
Event: 6.902 GC heap after
Heap after GC invocations=7 (full 1):
 PSYoungGen      total 133632K, used 0K [0x00000000d8500000, 0x00000000e1800000, 0x0000000100000000)
  eden space 121344K, 0% used [0x00000000d8500000,0x00000000d8500000,0x00000000dfb80000)
  from space 12288K, 0% used [0x00000000e0900000,0x00000000e0900000,0x00000000e1500000)
  to   space 13824K, 0% used [0x00000000dfb80000,0x00000000dfb80000,0x00000000e0900000)
 ParOldGen       total 58880K, used 14192K [0x0000000088e00000, 0x000000008c780000, 0x00000000d8500000)
  object space 58880K, 24% used [0x0000000088e00000,0x0000000089bdc1c8,0x000000008c780000)
 Metaspace       used 20672K, capacity 21030K, committed 21248K, reserved 1069056K
  class space    used 2380K, capacity 2493K, committed 2560K, reserved 1048576K
}

