# JRE version: Java(TM) SE Runtime Environment (8.0_91-b15) (build 1.8.0_91-b15)
# Java VM: Java HotSpot(TM) 64-Bit Server VM (25.91-b15 mixed mode windows-amd64 compressed oops)
Heap:
 PSYoungGen      total 133632K, used 117392K [0x00000000d8500000, 0x00000000e1400000, 0x0000000100000000)
  eden space 122368K, 95% used [0x00000000d8500000,0x00000000df7a41c8,0x00000000dfc80000)
  from space 11264K, 0% used [0x00000000e0800000,0x00000000e0800000,0x00000000e1300000)
  to   space 11776K, 0% used [0x00000000dfc80000,0x00000000dfc80000,0x00000000e0800000)
 ParOldGen       total 56320K, used 12700K [0x0000000088e00000, 0x000000008c500000, 0x00000000d8500000)
  object space 56320K, 22% used [0x0000000088e00000,0x0000000089a670d8,0x000000008c500000)
 Metaspace       used 30109K, capacity 31004K, committed 31232K, reserved 1077248K
  class space    used 3847K, capacity 4049K, committed 4096K, reserved 1048576K
GC Heap History (10 events):
Event: 2.800 GC heap before
{Heap before GC invocations=3 (full 0):
 PSYoungGen      total 35840K, used 35825K [0x00000000d8500000, 0x00000000dad00000, 0x0000000100000000)
  eden space 30720K, 100% used [0x00000000d8500000,0x00000000da300000,0x00000000da300000)
  from space 5120K, 99% used [0x00000000da800000,0x00000000dacfc4a0,0x00000000dad00000)
  to   space 5120K, 0% used [0x00000000da300000,0x00000000da300000,0x00000000da800000)
 ParOldGen       total 81920K, used 4994K [0x0000000088e00000, 0x000000008de00000, 0x00000000d8500000)
  object space 81920K, 6% used [0x0000000088e00000,0x00000000892e0be0,0x000000008de00000)
 Metaspace       used 11405K, capacity 11618K, committed 11776K, reserved 1058816K
  class space    used 1354K, capacity 1418K, committed 1536K, reserved 1048576K
Event: 2.802 GC heap after
Heap after GC invocations=3 (full 0):
 PSYoungGen      total 35840K, used 5105K [0x00000000d8500000, 0x00000000dcb00000, 0x0000000100000000)
  eden space 30720K, 0% used [0x00000000d8500000,0x00000000d8500000,0x00000000da300000)
  from space 5120K, 99% used [0x00000000da300000,0x00000000da7fc480,0x00000000da800000)
  to   space 5120K, 0% used [0x00000000dc600000,0x00000000dc600000,0x00000000dcb00000)
 ParOldGen       total 81920K, used 5018K [0x0000000088e00000, 0x000000008de00000, 0x00000000d8500000)
  object space 81920K, 6% used [0x0000000088e00000,0x00000000892e6be0,0x000000008de00000)
 Metaspace       used 11405K, capacity 11618K, committed 11776K, reserved 1058816K
  class space    used 1354K, capacity 1418K, committed 1536K, reserved 1048576K
}
Event: 2.844 GC heap before
{Heap before GC invocations=4 (full 0):
 PSYoungGen      total 35840K, used 35825K [0x00000000d8500000, 0x00000000dcb00000, 0x0000000100000000)
  eden space 30720K, 100% used [0x00000000d8500000,0x00000000da300000,0x00000000da300000)
  from space 5120K, 99% used [0x00000000da300000,0x00000000da7fc480,0x00000000da800000)
  to   space 5120K, 0% used [0x00000000dc600000,0x00000000dc600000,0x00000000dcb00000)
 ParOldGen       total 81920K, used 5018K [0x0000000088e00000, 0x000000008de00000, 0x00000000d8500000)
  object space 81920K, 6% used [0x0000000088e00000,0x00000000892e6be0,0x000000008de00000)
 Metaspace       used 11405K, capacity 11618K, committed 11776K, reserved 1058816K
  class space    used 1354K, capacity 1418K, committed 1536K, reserved 1048576K
Event: 2.848 GC heap after
Heap after GC invocations=4 (full 0):
 PSYoungGen      total 66560K, used 5105K [0x00000000d8500000, 0x00000000dcb00000, 0x0000000100000000)
  eden space 61440K, 0% used [0x00000000d8500000,0x00000000d8500000,0x00000000dc100000)
  from space 5120K, 99% used [0x00000000dc600000,0x00000000dcafc4a0,0x00000000dcb00000)
  to   space 5120K, 0% used [0x00000000dc100000,0x00000000dc100000,0x00000000dc600000)
 ParOldGen       total 81920K, used 5050K [0x0000000088e00000, 0x000000008de00000, 0x00000000d8500000)
  object space 81920K, 6% used [0x0000000088e00000,0x00000000892eebe0,0x000000008de00000)
 Metaspace       used 11405K, capacity 11618K, committed 11776K, reserved 1058816K
  class space    used 1354K, capacity 1418K, committed 1536K, reserved 1048576K
}
Event: 4.715 GC heap before
{Heap before GC invocations=5 (full 0):
 PSYoungGen      total 66560K, used 66545K [0x00000000d8500000, 0x00000000dcb00000, 0x0000000100000000)
  eden space 61440K, 100% used [0x00000000d8500000,0x00000000dc100000,0x00000000dc100000)
  from space 5120K, 99% used [0x00000000dc600000,0x00000000dcafc4a0,0x00000000dcb00000)
  to   space 5120K, 0% used [0x00000000dc100000,0x00000000dc100000,0x00000000dc600000)
 ParOldGen       total 81920K, used 5050K [0x0000000088e00000, 0x000000008de00000, 0x00000000d8500000)
  object space 81920K, 6% used [0x0000000088e00000,0x00000000892eebe0,0x000000008de00000)
 Metaspace       used 16984K, capacity 17286K, committed 17536K, reserved 1064960K
  class space    used 1998K, capacity 2102K, committed 2176K, reserved 1048576K
Event: 4.723 GC heap after
Heap after GC invocations=5 (full 0):
 PSYoungGen      total 66560K, used 5096K [0x00000000d8500000, 0x00000000e1300000, 0x0000000100000000)
  eden space 61440K, 0% used [0x00000000d8500000,0x00000000d8500000,0x00000000dc100000)
  from space 5120K, 99% used [0x00000000dc100000,0x00000000dc5fa1a8,0x00000000dc600000)
  to   space 11264K, 0% used [0x00000000e0800000,0x00000000e0800000,0x00000000e1300000)
 ParOldGen       total 81920K, used 9180K [0x0000000088e00000, 0x000000008de00000, 0x00000000d8500000)
  object space 81920K, 11% used [0x0000000088e00000,0x00000000896f7098,0x000000008de00000)
 Metaspace       used 16984K, capacity 17286K, committed 17536K, reserved 1064960K
  class space    used 1998K, capacity 2102K, committed 2176K, reserved 1048576K
}
Event: 6.489 GC heap before
{Heap before GC invocations=6 (full 0):
 PSYoungGen      total 66560K, used 29671K [0x00000000d8500000, 0x00000000e1300000, 0x0000000100000000)
  eden space 61440K, 39% used [0x00000000d8500000,0x00000000d9cffc60,0x00000000dc100000)
  from space 5120K, 99% used [0x00000000dc100000,0x00000000dc5fa1a8,0x00000000dc600000)
  to   space 11264K, 0% used [0x00000000e0800000,0x00000000e0800000,0x00000000e1300000)
 ParOldGen       total 81920K, used 9180K [0x0000000088e00000, 0x000000008de00000, 0x00000000d8500000)
  object space 81920K, 11% used [0x0000000088e00000,0x00000000896f7098,0x000000008de00000)
 Metaspace       used 20630K, capacity 21004K, committed 21248K, reserved 1069056K
  class space    used 2398K, capacity 2527K, committed 2560K, reserved 1048576K
Event: 6.496 GC heap after
Heap after GC invocations=6 (full 0):
 PSYoungGen      total 133632K, used 8385K [0x00000000d8500000, 0x00000000e1400000, 0x0000000100000000)
  eden space 122368K, 0% used [0x00000000d8500000,0x00000000d8500000,0x00000000dfc80000)
  from space 11264K, 74% used [0x00000000e0800000,0x00000000e1030468,0x00000000e1300000)
  to   space 11776K, 0% used [0x00000000dfc80000,0x00000000dfc80000,0x00000000e0800000)
 ParOldGen       total 81920K, used 9188K [0x0000000088e00000, 0x000000008de00000, 0x00000000d8500000)
  object space 81920K, 11% used [0x0000000088e00000,0x00000000896f9098,0x000000008de00000)
 Metaspace       used 20630K, capacity 21004K, committed 21248K, reserved 1069056K
  class space    used 2398K, capacity 2527K, committed 2560K, reserved 1048576K
}
Event: 6.496 GC heap before
{Heap before GC invocations=7 (full 1):
 PSYoungGen      total 133632K, used 8385K [0x00000000d8500000, 0x00000000e1400000, 0x0000000100000000)
  eden space 122368K, 0% used [0x00000000d8500000,0x00000000d8500000,0x00000000dfc80000)
  from space 11264K, 74% used [0x00000000e0800000,0x00000000e1030468,0x00000000e1300000)
  to   space 11776K, 0% used [0x00000000dfc80000,0x00000000dfc80000,0x00000000e0800000)
 ParOldGen       total 81920K, used 9188K [0x0000000088e00000, 0x000000008de00000, 0x00000000d8500000)
  object space 81920K, 11% used [0x0000000088e00000,0x00000000896f9098,0x000000008de00000)
 Metaspace       used 20630K, capacity 21004K, committed 21248K, reserved 1069056K
  class space    used 2398K, capacity 2527K, committed 2560K, reserved 1048576K
Event: 6.536 GC heap after
Heap after GC invocations=7 (full 1):
 PSYoungGen      total 133632K, used 0K [0x00000000d8500000, 0x00000000e1400000, 0x0000000100000000)
  eden space 122368K, 0% used [0x00000000d8500000,0x00000000d8500000,0x00000000dfc80000)
  from space 11264K, 0% used [0x00000000e0800000,0x00000000e0800000,0x00000000e1300000)
  to   space 11776K, 0% used [0x00000000dfc80000,0x00000000dfc80000,0x00000000e0800000)
 ParOldGen       total 56320K, used 12700K [0x0000000088e00000, 0x000000008c500000, 0x00000000d8500000)
  object space 56320K, 22% used [0x0000000088e00000,0x0000000089a670d8,0x000000008c500000)
 Metaspace       used 20630K, capacity 21004K, committed 21248K, reserved 1069056K
  class space    used 2398K, capacity 2527K, committed 2560K, reserved 1048576K
}

