# JRE version: Java(TM) SE Runtime Environment (8.0_91-b15) (build 1.8.0_91-b15)
# Java VM: Java HotSpot(TM) 64-Bit Server VM (25.91-b15 mixed mode windows-amd64 compressed oops)
Heap:
 PSYoungGen      total 134144K, used 48482K [0x00000000d8500000, 0x00000000e7900000, 0x0000000100000000)
  eden space 122880K, 30% used [0x00000000d8500000,0x00000000da95c340,0x00000000dfd00000)
  from space 11264K, 99% used [0x00000000dfd00000,0x00000000e07fc4e0,0x00000000e0800000)
  to   space 16896K, 0% used [0x00000000e6880000,0x00000000e6880000,0x00000000e7900000)
 ParOldGen       total 54784K, used 17187K [0x0000000088e00000, 0x000000008c380000, 0x00000000d8500000)
  object space 54784K, 31% used [0x0000000088e00000,0x0000000089ec8fe0,0x000000008c380000)
 Metaspace       used 31325K, capacity 32268K, committed 32384K, reserved 1077248K
  class space    used 3943K, capacity 4186K, committed 4224K, reserved 1048576K
GC Heap History (10 events):
Event: 2.756 GC heap before
{Heap before GC invocations=4 (full 0):
 PSYoungGen      total 35840K, used 35825K [0x00000000d8500000, 0x00000000dcb00000, 0x0000000100000000)
  eden space 30720K, 100% used [0x00000000d8500000,0x00000000da300000,0x00000000da300000)
  from space 5120K, 99% used [0x00000000da300000,0x00000000da7fc4a0,0x00000000da800000)
  to   space 5120K, 0% used [0x00000000dc600000,0x00000000dc600000,0x00000000dcb00000)
 ParOldGen       total 81920K, used 5050K [0x0000000088e00000, 0x000000008de00000, 0x00000000d8500000)
  object space 81920K, 6% used [0x0000000088e00000,0x00000000892eebe0,0x000000008de00000)
 Metaspace       used 11478K, capacity 11780K, committed 12032K, reserved 1060864K
  class space    used 1364K, capacity 1452K, committed 1536K, reserved 1048576K
Event: 2.759 GC heap after
Heap after GC invocations=4 (full 0):
 PSYoungGen      total 66560K, used 5105K [0x00000000d8500000, 0x00000000dcb00000, 0x0000000100000000)
  eden space 61440K, 0% used [0x00000000d8500000,0x00000000d8500000,0x00000000dc100000)
  from space 5120K, 99% used [0x00000000dc600000,0x00000000dcafc4a0,0x00000000dcb00000)
  to   space 5120K, 0% used [0x00000000dc100000,0x00000000dc100000,0x00000000dc600000)
 ParOldGen       total 81920K, used 5058K [0x0000000088e00000, 0x000000008de00000, 0x00000000d8500000)
  object space 81920K, 6% used [0x0000000088e00000,0x00000000892f0be0,0x000000008de00000)
 Metaspace       used 11478K, capacity 11780K, committed 12032K, reserved 1060864K
  class space    used 1364K, capacity 1452K, committed 1536K, reserved 1048576K
}
Event: 4.575 GC heap before
{Heap before GC invocations=5 (full 0):
 PSYoungGen      total 66560K, used 66545K [0x00000000d8500000, 0x00000000dcb00000, 0x0000000100000000)
  eden space 61440K, 100% used [0x00000000d8500000,0x00000000dc100000,0x00000000dc100000)
  from space 5120K, 99% used [0x00000000dc600000,0x00000000dcafc4a0,0x00000000dcb00000)
  to   space 5120K, 0% used [0x00000000dc100000,0x00000000dc100000,0x00000000dc600000)
 ParOldGen       total 81920K, used 5058K [0x0000000088e00000, 0x000000008de00000, 0x00000000d8500000)
  object space 81920K, 6% used [0x0000000088e00000,0x00000000892f0be0,0x000000008de00000)
 Metaspace       used 15355K, capacity 15582K, committed 15744K, reserved 1062912K
  class space    used 1822K, capacity 1905K, committed 1920K, reserved 1048576K
Event: 4.581 GC heap after
Heap after GC invocations=5 (full 0):
 PSYoungGen      total 66560K, used 5118K [0x00000000d8500000, 0x00000000e1500000, 0x0000000100000000)
  eden space 61440K, 0% used [0x00000000d8500000,0x00000000d8500000,0x00000000dc100000)
  from space 5120K, 99% used [0x00000000dc100000,0x00000000dc5ff8d8,0x00000000dc600000)
  to   space 12288K, 0% used [0x00000000e0900000,0x00000000e0900000,0x00000000e1500000)
 ParOldGen       total 81920K, used 10735K [0x0000000088e00000, 0x000000008de00000, 0x00000000d8500000)
  object space 81920K, 13% used [0x0000000088e00000,0x000000008987bc60,0x000000008de00000)
 Metaspace       used 15355K, capacity 15582K, committed 15744K, reserved 1062912K
  class space    used 1822K, capacity 1905K, committed 1920K, reserved 1048576K
}
Event: 4.957 GC heap before
{Heap before GC invocations=6 (full 0):
 PSYoungGen      total 66560K, used 22010K [0x00000000d8500000, 0x00000000e1500000, 0x0000000100000000)
  eden space 61440K, 27% used [0x00000000d8500000,0x00000000d957f1a8,0x00000000dc100000)
  from space 5120K, 99% used [0x00000000dc100000,0x00000000dc5ff8d8,0x00000000dc600000)
  to   space 12288K, 0% used [0x00000000e0900000,0x00000000e0900000,0x00000000e1500000)
 ParOldGen       total 81920K, used 10735K [0x0000000088e00000, 0x000000008de00000, 0x00000000d8500000)
  object space 81920K, 13% used [0x0000000088e00000,0x000000008987bc60,0x000000008de00000)
 Metaspace       used 20639K, capacity 21088K, committed 21248K, reserved 1067008K
  class space    used 2594K, capacity 2724K, committed 2816K, reserved 1048576K
Event: 4.962 GC heap after
Heap after GC invocations=6 (full 0):
 PSYoungGen      total 133120K, used 6510K [0x00000000d8500000, 0x00000000e1300000, 0x0000000100000000)
  eden space 122880K, 0% used [0x00000000d8500000,0x00000000d8500000,0x00000000dfd00000)
  from space 10240K, 63% used [0x00000000e0900000,0x00000000e0f5b908,0x00000000e1300000)
  to   space 11264K, 0% used [0x00000000dfd00000,0x00000000dfd00000,0x00000000e0800000)
 ParOldGen       total 81920K, used 10743K [0x0000000088e00000, 0x000000008de00000, 0x00000000d8500000)
  object space 81920K, 13% used [0x0000000088e00000,0x000000008987dc60,0x000000008de00000)
 Metaspace       used 20639K, capacity 21088K, committed 21248K, reserved 1067008K
  class space    used 2594K, capacity 2724K, committed 2816K, reserved 1048576K
}
Event: 4.962 GC heap before
{Heap before GC invocations=7 (full 1):
 PSYoungGen      total 133120K, used 6510K [0x00000000d8500000, 0x00000000e1300000, 0x0000000100000000)
  eden space 122880K, 0% used [0x00000000d8500000,0x00000000d8500000,0x00000000dfd00000)
  from space 10240K, 63% used [0x00000000e0900000,0x00000000e0f5b908,0x00000000e1300000)
  to   space 11264K, 0% used [0x00000000dfd00000,0x00000000dfd00000,0x00000000e0800000)
 ParOldGen       total 81920K, used 10743K [0x0000000088e00000, 0x000000008de00000, 0x00000000d8500000)
  object space 81920K, 13% used [0x0000000088e00000,0x000000008987dc60,0x000000008de00000)
 Metaspace       used 20639K, capacity 21088K, committed 21248K, reserved 1067008K
  class space    used 2594K, capacity 2724K, committed 2816K, reserved 1048576K
Event: 4.992 GC heap after
Heap after GC invocations=7 (full 1):
 PSYoungGen      total 133120K, used 0K [0x00000000d8500000, 0x00000000e1300000, 0x0000000100000000)
  eden space 122880K, 0% used [0x00000000d8500000,0x00000000d8500000,0x00000000dfd00000)
  from space 10240K, 0% used [0x00000000e0900000,0x00000000e0900000,0x00000000e1300000)
  to   space 11264K, 0% used [0x00000000dfd00000,0x00000000dfd00000,0x00000000e0800000)
 ParOldGen       total 54784K, used 9952K [0x0000000088e00000, 0x000000008c380000, 0x00000000d8500000)
  object space 54784K, 18% used [0x0000000088e00000,0x00000000897b8170,0x000000008c380000)
 Metaspace       used 20639K, capacity 21088K, committed 21248K, reserved 1067008K
  class space    used 2594K, capacity 2724K, committed 2816K, reserved 1048576K
}
Event: 7.757 GC heap before
{Heap before GC invocations=8 (full 1):
 PSYoungGen      total 133120K, used 122880K [0x00000000d8500000, 0x00000000e1300000, 0x0000000100000000)
  eden space 122880K, 100% used [0x00000000d8500000,0x00000000dfd00000,0x00000000dfd00000)
  from space 10240K, 0% used [0x00000000e0900000,0x00000000e0900000,0x00000000e1300000)
  to   space 11264K, 0% used [0x00000000dfd00000,0x00000000dfd00000,0x00000000e0800000)
 ParOldGen       total 54784K, used 9952K [0x0000000088e00000, 0x000000008c380000, 0x00000000d8500000)
  object space 54784K, 18% used [0x0000000088e00000,0x00000000897b8180,0x000000008c380000)
 Metaspace       used 30604K, capacity 31558K, committed 31872K, reserved 1077248K
  class space    used 3922K, capacity 4121K, committed 4224K, reserved 1048576K
Event: 7.770 GC heap after
Heap after GC invocations=8 (full 1):
 PSYoungGen      total 134144K, used 11249K [0x00000000d8500000, 0x00000000e7900000, 0x0000000100000000)
  eden space 122880K, 0% used [0x00000000d8500000,0x00000000d8500000,0x00000000dfd00000)
  from space 11264K, 99% used [0x00000000dfd00000,0x00000000e07fc4e0,0x00000000e0800000)
  to   space 16896K, 0% used [0x00000000e6880000,0x00000000e6880000,0x00000000e7900000)
 ParOldGen       total 54784K, used 17187K [0x0000000088e00000, 0x000000008c380000, 0x00000000d8500000)
  object space 54784K, 31% used [0x0000000088e00000,0x0000000089ec8fe0,0x000000008c380000)
 Metaspace       used 30604K, capacity 31558K, committed 31872K, reserved 1077248K
  class space    used 3922K, capacity 4121K, committed 4224K, reserved 1048576K
}

