# JRE version: Java(TM) SE Runtime Environment (8.0_91-b15) (build 1.8.0_91-b15)
# Java VM: Java HotSpot(TM) 64-Bit Server VM (25.91-b15 mixed mode windows-amd64 compressed oops)
Heap:
 PSYoungGen      total 135680K, used 56250K [0x00000000d8500000, 0x00000000e7b00000, 0x0000000100000000)
  eden space 122880K, 35% used [0x00000000d8500000,0x00000000daf721f8,0x00000000dfd00000)
  from space 12800K, 99% used [0x00000000dfd00000,0x00000000e097c810,0x00000000e0980000)
  to   space 16896K, 0% used [0x00000000e6a80000,0x00000000e6a80000,0x00000000e7b00000)
 ParOldGen       total 55296K, used 13847K [0x0000000088e00000, 0x000000008c400000, 0x00000000d8500000)
  object space 55296K, 25% used [0x0000000088e00000,0x0000000089b85f28,0x000000008c400000)
 Metaspace       used 31466K, capacity 32456K, committed 32640K, reserved 1077248K
  class space    used 3947K, capacity 4186K, committed 4224K, reserved 1048576K
GC Heap History (10 events):
Event: 2.774 GC heap before
{Heap before GC invocations=4 (full 0):
 PSYoungGen      total 35840K, used 35825K [0x00000000d8500000, 0x00000000dcb00000, 0x0000000100000000)
  eden space 30720K, 100% used [0x00000000d8500000,0x00000000da300000,0x00000000da300000)
  from space 5120K, 99% used [0x00000000da300000,0x00000000da7fc4a0,0x00000000da800000)
  to   space 5120K, 0% used [0x00000000dc600000,0x00000000dc600000,0x00000000dcb00000)
 ParOldGen       total 81920K, used 6203K [0x0000000088e00000, 0x000000008de00000, 0x00000000d8500000)
  object space 81920K, 7% used [0x0000000088e00000,0x000000008940eed8,0x000000008de00000)
 Metaspace       used 11532K, capacity 11780K, committed 12032K, reserved 1060864K
  class space    used 1371K, capacity 1452K, committed 1536K, reserved 1048576K
Event: 2.777 GC heap after
Heap after GC invocations=4 (full 0):
 PSYoungGen      total 66560K, used 5105K [0x00000000d8500000, 0x00000000dcb00000, 0x0000000100000000)
  eden space 61440K, 0% used [0x00000000d8500000,0x00000000d8500000,0x00000000dc100000)
  from space 5120K, 99% used [0x00000000dc600000,0x00000000dcafc4a0,0x00000000dcb00000)
  to   space 5120K, 0% used [0x00000000dc100000,0x00000000dc100000,0x00000000dc600000)
 ParOldGen       total 81920K, used 6211K [0x0000000088e00000, 0x000000008de00000, 0x00000000d8500000)
  object space 81920K, 7% used [0x0000000088e00000,0x0000000089410ed8,0x000000008de00000)
 Metaspace       used 11532K, capacity 11780K, committed 12032K, reserved 1060864K
  class space    used 1371K, capacity 1452K, committed 1536K, reserved 1048576K
}
Event: 4.572 GC heap before
{Heap before GC invocations=5 (full 0):
 PSYoungGen      total 66560K, used 66545K [0x00000000d8500000, 0x00000000dcb00000, 0x0000000100000000)
  eden space 61440K, 100% used [0x00000000d8500000,0x00000000dc100000,0x00000000dc100000)
  from space 5120K, 99% used [0x00000000dc600000,0x00000000dcafc4a0,0x00000000dcb00000)
  to   space 5120K, 0% used [0x00000000dc100000,0x00000000dc100000,0x00000000dc600000)
 ParOldGen       total 81920K, used 6211K [0x0000000088e00000, 0x000000008de00000, 0x00000000d8500000)
  object space 81920K, 7% used [0x0000000088e00000,0x0000000089410ed8,0x000000008de00000)
 Metaspace       used 15387K, capacity 15678K, committed 16128K, reserved 1062912K
  class space    used 1834K, capacity 1937K, committed 2048K, reserved 1048576K
Event: 4.577 GC heap after
Heap after GC invocations=5 (full 0):
 PSYoungGen      total 66560K, used 5101K [0x00000000d8500000, 0x00000000e1800000, 0x0000000100000000)
  eden space 61440K, 0% used [0x00000000d8500000,0x00000000d8500000,0x00000000dc100000)
  from space 5120K, 99% used [0x00000000dc100000,0x00000000dc5fb480,0x00000000dc600000)
  to   space 13824K, 0% used [0x00000000e0a80000,0x00000000e0a80000,0x00000000e1800000)
 ParOldGen       total 81920K, used 12361K [0x0000000088e00000, 0x000000008de00000, 0x00000000d8500000)
  object space 81920K, 15% used [0x0000000088e00000,0x0000000089a12688,0x000000008de00000)
 Metaspace       used 15387K, capacity 15678K, committed 16128K, reserved 1062912K
  class space    used 1834K, capacity 1937K, committed 2048K, reserved 1048576K
}
Event: 4.952 GC heap before
{Heap before GC invocations=6 (full 0):
 PSYoungGen      total 66560K, used 21996K [0x00000000d8500000, 0x00000000e1800000, 0x0000000100000000)
  eden space 61440K, 27% used [0x00000000d8500000,0x00000000d957fdd0,0x00000000dc100000)
  from space 5120K, 99% used [0x00000000dc100000,0x00000000dc5fb480,0x00000000dc600000)
  to   space 13824K, 0% used [0x00000000e0a80000,0x00000000e0a80000,0x00000000e1800000)
 ParOldGen       total 81920K, used 12361K [0x0000000088e00000, 0x000000008de00000, 0x00000000d8500000)
  object space 81920K, 15% used [0x0000000088e00000,0x0000000089a12688,0x000000008de00000)
 Metaspace       used 20667K, capacity 21088K, committed 21248K, reserved 1067008K
  class space    used 2598K, capacity 2724K, committed 2816K, reserved 1048576K
Event: 4.956 GC heap after
Heap after GC invocations=6 (full 0):
 PSYoungGen      total 134656K, used 6014K [0x00000000d8500000, 0x00000000e1600000, 0x0000000100000000)
  eden space 122880K, 0% used [0x00000000d8500000,0x00000000d8500000,0x00000000dfd00000)
  from space 11776K, 51% used [0x00000000e0a80000,0x00000000e105f8f8,0x00000000e1600000)
  to   space 12800K, 0% used [0x00000000dfd00000,0x00000000dfd00000,0x00000000e0980000)
 ParOldGen       total 81920K, used 12369K [0x0000000088e00000, 0x000000008de00000, 0x00000000d8500000)
  object space 81920K, 15% used [0x0000000088e00000,0x0000000089a14688,0x000000008de00000)
 Metaspace       used 20667K, capacity 21088K, committed 21248K, reserved 1067008K
  class space    used 2598K, capacity 2724K, committed 2816K, reserved 1048576K
}
Event: 4.956 GC heap before
{Heap before GC invocations=7 (full 1):
 PSYoungGen      total 134656K, used 6014K [0x00000000d8500000, 0x00000000e1600000, 0x0000000100000000)
  eden space 122880K, 0% used [0x00000000d8500000,0x00000000d8500000,0x00000000dfd00000)
  from space 11776K, 51% used [0x00000000e0a80000,0x00000000e105f8f8,0x00000000e1600000)
  to   space 12800K, 0% used [0x00000000dfd00000,0x00000000dfd00000,0x00000000e0980000)
 ParOldGen       total 81920K, used 12369K [0x0000000088e00000, 0x000000008de00000, 0x00000000d8500000)
  object space 81920K, 15% used [0x0000000088e00000,0x0000000089a14688,0x000000008de00000)
 Metaspace       used 20667K, capacity 21088K, committed 21248K, reserved 1067008K
  class space    used 2598K, capacity 2724K, committed 2816K, reserved 1048576K
Event: 4.987 GC heap after
Heap after GC invocations=7 (full 1):
 PSYoungGen      total 134656K, used 0K [0x00000000d8500000, 0x00000000e1600000, 0x0000000100000000)
  eden space 122880K, 0% used [0x00000000d8500000,0x00000000d8500000,0x00000000dfd00000)
  from space 11776K, 0% used [0x00000000e0a80000,0x00000000e0a80000,0x00000000e1600000)
  to   space 12800K, 0% used [0x00000000dfd00000,0x00000000dfd00000,0x00000000e0980000)
 ParOldGen       total 55296K, used 9917K [0x0000000088e00000, 0x000000008c400000, 0x00000000d8500000)
  object space 55296K, 17% used [0x0000000088e00000,0x00000000897af770,0x000000008c400000)
 Metaspace       used 20667K, capacity 21088K, committed 21248K, reserved 1067008K
  class space    used 2598K, capacity 2724K, committed 2816K, reserved 1048576K
}
Event: 7.946 GC heap before
{Heap before GC invocations=8 (full 1):
 PSYoungGen      total 134656K, used 122880K [0x00000000d8500000, 0x00000000e1600000, 0x0000000100000000)
  eden space 122880K, 100% used [0x00000000d8500000,0x00000000dfd00000,0x00000000dfd00000)
  from space 11776K, 0% used [0x00000000e0a80000,0x00000000e0a80000,0x00000000e1600000)
  to   space 12800K, 0% used [0x00000000dfd00000,0x00000000dfd00000,0x00000000e0980000)
 ParOldGen       total 55296K, used 9917K [0x0000000088e00000, 0x000000008c400000, 0x00000000d8500000)
  object space 55296K, 17% used [0x0000000088e00000,0x00000000897af7c0,0x000000008c400000)
 Metaspace       used 30743K, capacity 31650K, committed 31872K, reserved 1077248K
  class space    used 3925K, capacity 4153K, committed 4224K, reserved 1048576K
Event: 7.958 GC heap after
Heap after GC invocations=8 (full 1):
 PSYoungGen      total 135680K, used 12786K [0x00000000d8500000, 0x00000000e7b00000, 0x0000000100000000)
  eden space 122880K, 0% used [0x00000000d8500000,0x00000000d8500000,0x00000000dfd00000)
  from space 12800K, 99% used [0x00000000dfd00000,0x00000000e097c810,0x00000000e0980000)
  to   space 16896K, 0% used [0x00000000e6a80000,0x00000000e6a80000,0x00000000e7b00000)
 ParOldGen       total 55296K, used 13847K [0x0000000088e00000, 0x000000008c400000, 0x00000000d8500000)
  object space 55296K, 25% used [0x0000000088e00000,0x0000000089b85f28,0x000000008c400000)
 Metaspace       used 30743K, capacity 31650K, committed 31872K, reserved 1077248K
  class space    used 3925K, capacity 4153K, committed 4224K, reserved 1048576K
}

