# JRE version: Java(TM) SE Runtime Environment (8.0_91-b15) (build 1.8.0_91-b15)
# Java VM: Java HotSpot(TM) 64-Bit Server VM (25.91-b15 mixed mode windows-amd64 compressed oops)
Heap:
 PSYoungGen      total 134144K, used 51112K [0x00000000d8500000, 0x00000000e7780000, 0x0000000100000000)
  eden space 122880K, 32% used [0x00000000d8500000,0x00000000dabecc20,0x00000000dfd00000)
  from space 11264K, 99% used [0x00000000dfd00000,0x00000000e07fd600,0x00000000e0800000)
  to   space 15360K, 0% used [0x00000000e6880000,0x00000000e6880000,0x00000000e7780000)
 ParOldGen       total 53760K, used 14222K [0x0000000088e00000, 0x000000008c280000, 0x00000000d8500000)
  object space 53760K, 26% used [0x0000000088e00000,0x0000000089be3888,0x000000008c280000)
 Metaspace       used 31219K, capacity 32130K, committed 32384K, reserved 1077248K
  class space    used 3921K, capacity 4121K, committed 4224K, reserved 1048576K
GC Heap History (10 events):
Event: 3.115 GC heap before
{Heap before GC invocations=4 (full 0):
 PSYoungGen      total 35840K, used 35825K [0x00000000d8500000, 0x00000000dcb00000, 0x0000000100000000)
  eden space 30720K, 100% used [0x00000000d8500000,0x00000000da300000,0x00000000da300000)
  from space 5120K, 99% used [0x00000000da300000,0x00000000da7fc480,0x00000000da800000)
  to   space 5120K, 0% used [0x00000000dc600000,0x00000000dc600000,0x00000000dcb00000)
 ParOldGen       total 81920K, used 6219K [0x0000000088e00000, 0x000000008de00000, 0x00000000d8500000)
  object space 81920K, 7% used [0x0000000088e00000,0x0000000089412ed8,0x000000008de00000)
 Metaspace       used 11532K, capacity 11780K, committed 12032K, reserved 1060864K
  class space    used 1372K, capacity 1452K, committed 1536K, reserved 1048576K
Event: 3.119 GC heap after
Heap after GC invocations=4 (full 0):
 PSYoungGen      total 66560K, used 4722K [0x00000000d8500000, 0x00000000dcb00000, 0x0000000100000000)
  eden space 61440K, 0% used [0x00000000d8500000,0x00000000d8500000,0x00000000dc100000)
  from space 5120K, 92% used [0x00000000dc600000,0x00000000dca9c8e8,0x00000000dcb00000)
  to   space 5120K, 0% used [0x00000000dc100000,0x00000000dc100000,0x00000000dc600000)
 ParOldGen       total 81920K, used 8908K [0x0000000088e00000, 0x000000008de00000, 0x00000000d8500000)
  object space 81920K, 10% used [0x0000000088e00000,0x00000000896b3060,0x000000008de00000)
 Metaspace       used 11532K, capacity 11780K, committed 12032K, reserved 1060864K
  class space    used 1372K, capacity 1452K, committed 1536K, reserved 1048576K
}
Event: 4.930 GC heap before
{Heap before GC invocations=5 (full 0):
 PSYoungGen      total 66560K, used 66162K [0x00000000d8500000, 0x00000000dcb00000, 0x0000000100000000)
  eden space 61440K, 100% used [0x00000000d8500000,0x00000000dc100000,0x00000000dc100000)
  from space 5120K, 92% used [0x00000000dc600000,0x00000000dca9c8e8,0x00000000dcb00000)
  to   space 5120K, 0% used [0x00000000dc100000,0x00000000dc100000,0x00000000dc600000)
 ParOldGen       total 81920K, used 8908K [0x0000000088e00000, 0x000000008de00000, 0x00000000d8500000)
  object space 81920K, 10% used [0x0000000088e00000,0x00000000896b3060,0x000000008de00000)
 Metaspace       used 15372K, capacity 15678K, committed 16128K, reserved 1062912K
  class space    used 1833K, capacity 1937K, committed 2048K, reserved 1048576K
Event: 4.935 GC heap after
Heap after GC invocations=5 (full 0):
 PSYoungGen      total 66560K, used 5116K [0x00000000d8500000, 0x00000000e1500000, 0x0000000100000000)
  eden space 61440K, 0% used [0x00000000d8500000,0x00000000d8500000,0x00000000dc100000)
  from space 5120K, 99% used [0x00000000dc100000,0x00000000dc5ff258,0x00000000dc600000)
  to   space 12288K, 0% used [0x00000000e0900000,0x00000000e0900000,0x00000000e1500000)
 ParOldGen       total 81920K, used 12885K [0x0000000088e00000, 0x000000008de00000, 0x00000000d8500000)
  object space 81920K, 15% used [0x0000000088e00000,0x0000000089a95548,0x000000008de00000)
 Metaspace       used 15372K, capacity 15678K, committed 16128K, reserved 1062912K
  class space    used 1833K, capacity 1937K, committed 2048K, reserved 1048576K
}
Event: 5.338 GC heap before
{Heap before GC invocations=6 (full 0):
 PSYoungGen      total 66560K, used 22547K [0x00000000d8500000, 0x00000000e1500000, 0x0000000100000000)
  eden space 61440K, 28% used [0x00000000d8500000,0x00000000d9605d88,0x00000000dc100000)
  from space 5120K, 99% used [0x00000000dc100000,0x00000000dc5ff258,0x00000000dc600000)
  to   space 12288K, 0% used [0x00000000e0900000,0x00000000e0900000,0x00000000e1500000)
 ParOldGen       total 81920K, used 12885K [0x0000000088e00000, 0x000000008de00000, 0x00000000d8500000)
  object space 81920K, 15% used [0x0000000088e00000,0x0000000089a95548,0x000000008de00000)
 Metaspace       used 20627K, capacity 21056K, committed 21248K, reserved 1067008K
  class space    used 2586K, capacity 2692K, committed 2816K, reserved 1048576K
Event: 5.344 GC heap after
Heap after GC invocations=6 (full 0):
 PSYoungGen      total 133120K, used 6470K [0x00000000d8500000, 0x00000000e1300000, 0x0000000100000000)
  eden space 122880K, 0% used [0x00000000d8500000,0x00000000d8500000,0x00000000dfd00000)
  from space 10240K, 63% used [0x00000000e0900000,0x00000000e0f51a98,0x00000000e1300000)
  to   space 11264K, 0% used [0x00000000dfd00000,0x00000000dfd00000,0x00000000e0800000)
 ParOldGen       total 81920K, used 12893K [0x0000000088e00000, 0x000000008de00000, 0x00000000d8500000)
  object space 81920K, 15% used [0x0000000088e00000,0x0000000089a97548,0x000000008de00000)
 Metaspace       used 20627K, capacity 21056K, committed 21248K, reserved 1067008K
  class space    used 2586K, capacity 2692K, committed 2816K, reserved 1048576K
}
Event: 5.344 GC heap before
{Heap before GC invocations=7 (full 1):
 PSYoungGen      total 133120K, used 6470K [0x00000000d8500000, 0x00000000e1300000, 0x0000000100000000)
  eden space 122880K, 0% used [0x00000000d8500000,0x00000000d8500000,0x00000000dfd00000)
  from space 10240K, 63% used [0x00000000e0900000,0x00000000e0f51a98,0x00000000e1300000)
  to   space 11264K, 0% used [0x00000000dfd00000,0x00000000dfd00000,0x00000000e0800000)
 ParOldGen       total 81920K, used 12893K [0x0000000088e00000, 0x000000008de00000, 0x00000000d8500000)
  object space 81920K, 15% used [0x0000000088e00000,0x0000000089a97548,0x000000008de00000)
 Metaspace       used 20627K, capacity 21056K, committed 21248K, reserved 1067008K
  class space    used 2586K, capacity 2692K, committed 2816K, reserved 1048576K
Event: 5.373 GC heap after
Heap after GC invocations=7 (full 1):
 PSYoungGen      total 133120K, used 0K [0x00000000d8500000, 0x00000000e1300000, 0x0000000100000000)
  eden space 122880K, 0% used [0x00000000d8500000,0x00000000d8500000,0x00000000dfd00000)
  from space 10240K, 0% used [0x00000000e0900000,0x00000000e0900000,0x00000000e1300000)
  to   space 11264K, 0% used [0x00000000dfd00000,0x00000000dfd00000,0x00000000e0800000)
 ParOldGen       total 53760K, used 9759K [0x0000000088e00000, 0x000000008c280000, 0x00000000d8500000)
  object space 53760K, 18% used [0x0000000088e00000,0x0000000089787d08,0x000000008c280000)
 Metaspace       used 20627K, capacity 21056K, committed 21248K, reserved 1067008K
  class space    used 2586K, capacity 2692K, committed 2816K, reserved 1048576K
}
Event: 8.560 GC heap before
{Heap before GC invocations=8 (full 1):
 PSYoungGen      total 133120K, used 122880K [0x00000000d8500000, 0x00000000e1300000, 0x0000000100000000)
  eden space 122880K, 100% used [0x00000000d8500000,0x00000000dfd00000,0x00000000dfd00000)
  from space 10240K, 0% used [0x00000000e0900000,0x00000000e0900000,0x00000000e1300000)
  to   space 11264K, 0% used [0x00000000dfd00000,0x00000000dfd00000,0x00000000e0800000)
 ParOldGen       total 53760K, used 9759K [0x0000000088e00000, 0x000000008c280000, 0x00000000d8500000)
  object space 53760K, 18% used [0x0000000088e00000,0x0000000089787d08,0x000000008c280000)
 Metaspace       used 30656K, capacity 31548K, committed 31872K, reserved 1077248K
  class space    used 3914K, capacity 4120K, committed 4224K, reserved 1048576K
Event: 8.571 GC heap after
Heap after GC invocations=8 (full 1):
 PSYoungGen      total 134144K, used 11253K [0x00000000d8500000, 0x00000000e7780000, 0x0000000100000000)
  eden space 122880K, 0% used [0x00000000d8500000,0x00000000d8500000,0x00000000dfd00000)
  from space 11264K, 99% used [0x00000000dfd00000,0x00000000e07fd600,0x00000000e0800000)
  to   space 15360K, 0% used [0x00000000e6880000,0x00000000e6880000,0x00000000e7780000)
 ParOldGen       total 53760K, used 14222K [0x0000000088e00000, 0x000000008c280000, 0x00000000d8500000)
  object space 53760K, 26% used [0x0000000088e00000,0x0000000089be3888,0x000000008c280000)
 Metaspace       used 30656K, capacity 31548K, committed 31872K, reserved 1077248K
  class space    used 3914K, capacity 4120K, committed 4224K, reserved 1048576K
}

