# JRE version: Java(TM) SE Runtime Environment (8.0_91-b15) (build 1.8.0_91-b15)
# Java VM: Java HotSpot(TM) 64-Bit Server VM (25.91-b15 mixed mode windows-amd64 compressed oops)
Heap:
 par new generation   total 39296K, used 36338K [0x00000000d1200000, 0x00000000d3ca0000, 0x00000000e0c00000)
  eden space 34944K,  91% used [0x00000000d1200000, 0x00000000d313caa8, 0x00000000d3420000)
  from space 4352K, 100% used [0x00000000d3860000, 0x00000000d3ca0000, 0x00000000d3ca0000)
  to   space 4352K,   0% used [0x00000000d3420000, 0x00000000d3420000, 0x00000000d3860000)
 concurrent mark-sweep generation total 87424K, used 12719K [0x00000000e0c00000, 0x00000000e6160000, 0x0000000100000000)
 Metaspace       used 30703K, capacity 31610K, committed 31816K, reserved 1077248K
  class space    used 3909K, capacity 4121K, committed 4168K, reserved 1048576K
GC Heap History (10 events):
Event: 2.541 GC heap before
{Heap before GC invocations=2 (full 0):
 par new generation   total 39296K, used 38800K [0x00000000d1200000, 0x00000000d3ca0000, 0x00000000e0c00000)
  eden space 34944K, 100% used [0x00000000d1200000, 0x00000000d3420000, 0x00000000d3420000)
  from space 4352K,  88% used [0x00000000d3420000, 0x00000000d37e4220, 0x00000000d3860000)
  to   space 4352K,   0% used [0x00000000d3860000, 0x00000000d3860000, 0x00000000d3ca0000)
 concurrent mark-sweep generation total 87424K, used 5482K [0x00000000e0c00000, 0x00000000e6160000, 0x0000000100000000)
 Metaspace       used 11446K, capacity 11652K, committed 11776K, reserved 1058816K
  class space    used 1367K, capacity 1452K, committed 1536K, reserved 1048576K
Event: 2.543 GC heap after
Heap after GC invocations=3 (full 0):
 par new generation   total 39296K, used 1237K [0x00000000d1200000, 0x00000000d3ca0000, 0x00000000e0c00000)
  eden space 34944K,   0% used [0x00000000d1200000, 0x00000000d1200000, 0x00000000d3420000)
  from space 4352K,  28% used [0x00000000d3860000, 0x00000000d39955a8, 0x00000000d3ca0000)
  to   space 4352K,   0% used [0x00000000d3420000, 0x00000000d3420000, 0x00000000d3860000)
 concurrent mark-sweep generation total 87424K, used 6661K [0x00000000e0c00000, 0x00000000e6160000, 0x0000000100000000)
 Metaspace       used 11446K, capacity 11652K, committed 11776K, reserved 1058816K
  class space    used 1367K, capacity 1452K, committed 1536K, reserved 1048576K
}
Event: 2.578 GC heap before
{Heap before GC invocations=3 (full 0):
 par new generation   total 39296K, used 36181K [0x00000000d1200000, 0x00000000d3ca0000, 0x00000000e0c00000)
  eden space 34944K, 100% used [0x00000000d1200000, 0x00000000d3420000, 0x00000000d3420000)
  from space 4352K,  28% used [0x00000000d3860000, 0x00000000d39955a8, 0x00000000d3ca0000)
  to   space 4352K,   0% used [0x00000000d3420000, 0x00000000d3420000, 0x00000000d3860000)
 concurrent mark-sweep generation total 87424K, used 6661K [0x00000000e0c00000, 0x00000000e6160000, 0x0000000100000000)
 Metaspace       used 11446K, capacity 11652K, committed 11776K, reserved 1058816K
  class space    used 1367K, capacity 1452K, committed 1536K, reserved 1048576K
Event: 2.579 GC heap after
Heap after GC invocations=4 (full 0):
 par new generation   total 39296K, used 1187K [0x00000000d1200000, 0x00000000d3ca0000, 0x00000000e0c00000)
  eden space 34944K,   0% used [0x00000000d1200000, 0x00000000d1200000, 0x00000000d3420000)
  from space 4352K,  27% used [0x00000000d3420000, 0x00000000d3548c58, 0x00000000d3860000)
  to   space 4352K,   0% used [0x00000000d3860000, 0x00000000d3860000, 0x00000000d3ca0000)
 concurrent mark-sweep generation total 87424K, used 6661K [0x00000000e0c00000, 0x00000000e6160000, 0x0000000100000000)
 Metaspace       used 11446K, capacity 11652K, committed 11776K, reserved 1058816K
  class space    used 1367K, capacity 1452K, committed 1536K, reserved 1048576K
}
Event: 3.992 GC heap before
{Heap before GC invocations=4 (full 0):
 par new generation   total 39296K, used 36131K [0x00000000d1200000, 0x00000000d3ca0000, 0x00000000e0c00000)
  eden space 34944K, 100% used [0x00000000d1200000, 0x00000000d3420000, 0x00000000d3420000)
  from space 4352K,  27% used [0x00000000d3420000, 0x00000000d3548c58, 0x00000000d3860000)
  to   space 4352K,   0% used [0x00000000d3860000, 0x00000000d3860000, 0x00000000d3ca0000)
 concurrent mark-sweep generation total 87424K, used 6661K [0x00000000e0c00000, 0x00000000e6160000, 0x0000000100000000)
 Metaspace       used 14752K, capacity 15038K, committed 15232K, reserved 1062912K
  class space    used 1766K, capacity 1873K, committed 1920K, reserved 1048576K
Event: 3.995 GC heap after
Heap after GC invocations=5 (full 0):
 par new generation   total 39296K, used 3845K [0x00000000d1200000, 0x00000000d3ca0000, 0x00000000e0c00000)
  eden space 34944K,   0% used [0x00000000d1200000, 0x00000000d1200000, 0x00000000d3420000)
  from space 4352K,  88% used [0x00000000d3860000, 0x00000000d3c21580, 0x00000000d3ca0000)
  to   space 4352K,   0% used [0x00000000d3420000, 0x00000000d3420000, 0x00000000d3860000)
 concurrent mark-sweep generation total 87424K, used 6661K [0x00000000e0c00000, 0x00000000e6160000, 0x0000000100000000)
 Metaspace       used 14752K, capacity 15038K, committed 15232K, reserved 1062912K
  class space    used 1766K, capacity 1873K, committed 1920K, reserved 1048576K
}
Event: 5.443 GC heap before
{Heap before GC invocations=5 (full 0):
 par new generation   total 39296K, used 38789K [0x00000000d1200000, 0x00000000d3ca0000, 0x00000000e0c00000)
  eden space 34944K, 100% used [0x00000000d1200000, 0x00000000d3420000, 0x00000000d3420000)
  from space 4352K,  88% used [0x00000000d3860000, 0x00000000d3c21580, 0x00000000d3ca0000)
  to   space 4352K,   0% used [0x00000000d3420000, 0x00000000d3420000, 0x00000000d3860000)
 concurrent mark-sweep generation total 87424K, used 6661K [0x00000000e0c00000, 0x00000000e6160000, 0x0000000100000000)
 Metaspace       used 21406K, capacity 21898K, committed 22216K, reserved 1069056K
  class space    used 2547K, capacity 2669K, committed 2684K, reserved 1048576K
Event: 5.451 GC heap after
Heap after GC invocations=6 (full 0):
 par new generation   total 39296K, used 4352K [0x00000000d1200000, 0x00000000d3ca0000, 0x00000000e0c00000)
  eden space 34944K,   0% used [0x00000000d1200000, 0x00000000d1200000, 0x00000000d3420000)
  from space 4352K, 100% used [0x00000000d3420000, 0x00000000d3860000, 0x00000000d3860000)
  to   space 4352K,   0% used [0x00000000d3860000, 0x00000000d3860000, 0x00000000d3ca0000)
 concurrent mark-sweep generation total 87424K, used 11176K [0x00000000e0c00000, 0x00000000e6160000, 0x0000000100000000)
 Metaspace       used 21406K, capacity 21898K, committed 22216K, reserved 1069056K
  class space    used 2547K, capacity 2669K, committed 2684K, reserved 1048576K
}
Event: 6.982 GC heap before
{Heap before GC invocations=6 (full 1):
 par new generation   total 39296K, used 39296K [0x00000000d1200000, 0x00000000d3ca0000, 0x00000000e0c00000)
  eden space 34944K, 100% used [0x00000000d1200000, 0x00000000d3420000, 0x00000000d3420000)
  from space 4352K, 100% used [0x00000000d3420000, 0x00000000d3860000, 0x00000000d3860000)
  to   space 4352K,   0% used [0x00000000d3860000, 0x00000000d3860000, 0x00000000d3ca0000)
 concurrent mark-sweep generation total 87424K, used 8880K [0x00000000e0c00000, 0x00000000e6160000, 0x0000000100000000)
 Metaspace       used 29009K, capacity 29904K, committed 30152K, reserved 1075200K
  class space    used 3792K, capacity 4008K, committed 4040K, reserved 1048576K
Event: 6.994 GC heap after
Heap after GC invocations=7 (full 1):
 par new generation   total 39296K, used 4352K [0x00000000d1200000, 0x00000000d3ca0000, 0x00000000e0c00000)
  eden space 34944K,   0% used [0x00000000d1200000, 0x00000000d1200000, 0x00000000d3420000)
  from space 4352K, 100% used [0x00000000d3860000, 0x00000000d3ca0000, 0x00000000d3ca0000)
  to   space 4352K,   0% used [0x00000000d3420000, 0x00000000d3420000, 0x00000000d3860000)
 concurrent mark-sweep generation total 87424K, used 12719K [0x00000000e0c00000, 0x00000000e6160000, 0x0000000100000000)
 Metaspace       used 29009K, capacity 29904K, committed 30152K, reserved 1075200K
  class space    used 3792K, capacity 4008K, committed 4040K, reserved 1048576K
}

