# JRE version: Java(TM) SE Runtime Environment (8.0_91-b15) (build 1.8.0_91-b15)
# Java VM: Java HotSpot(TM) 64-Bit Server VM (25.91-b15 mixed mode windows-amd64 compressed oops)
Heap:
 PSYoungGen      total 135168K, used 44197K [0x00000000d8500000, 0x00000000e7e00000, 0x0000000100000000)
  eden space 122880K, 25% used [0x00000000d8500000,0x00000000da42f9a8,0x00000000dfd00000)
  from space 12288K, 99% used [0x00000000dfd00000,0x00000000e08f9d48,0x00000000e0900000)
  to   space 16896K, 0% used [0x00000000e6d80000,0x00000000e6d80000,0x00000000e7e00000)
 ParOldGen       total 53248K, used 14567K [0x0000000088e00000, 0x000000008c200000, 0x00000000d8500000)
  object space 53248K, 27% used [0x0000000088e00000,0x0000000089c39e20,0x000000008c200000)
 Metaspace       used 31263K, capacity 32200K, committed 32384K, reserved 1077248K
  class space    used 3948K, capacity 4186K, committed 4224K, reserved 1048576K
GC Heap History (10 events):
Event: 2.822 GC heap before
{Heap before GC invocations=4 (full 0):
 PSYoungGen      total 35840K, used 35825K [0x00000000d8500000, 0x00000000dcb00000, 0x0000000100000000)
  eden space 30720K, 100% used [0x00000000d8500000,0x00000000da300000,0x00000000da300000)
  from space 5120K, 99% used [0x00000000da300000,0x00000000da7fc4a0,0x00000000da800000)
  to   space 5120K, 0% used [0x00000000dc600000,0x00000000dc600000,0x00000000dcb00000)
 ParOldGen       total 81920K, used 6187K [0x0000000088e00000, 0x000000008de00000, 0x00000000d8500000)
  object space 81920K, 7% used [0x0000000088e00000,0x000000008940aed8,0x000000008de00000)
 Metaspace       used 11467K, capacity 11716K, committed 12032K, reserved 1060864K
  class space    used 1373K, capacity 1452K, committed 1536K, reserved 1048576K
Event: 2.826 GC heap after
Heap after GC invocations=4 (full 0):
 PSYoungGen      total 66560K, used 5105K [0x00000000d8500000, 0x00000000dcb00000, 0x0000000100000000)
  eden space 61440K, 0% used [0x00000000d8500000,0x00000000d8500000,0x00000000dc100000)
  from space 5120K, 99% used [0x00000000dc600000,0x00000000dcafc4a0,0x00000000dcb00000)
  to   space 5120K, 0% used [0x00000000dc100000,0x00000000dc100000,0x00000000dc600000)
 ParOldGen       total 81920K, used 8469K [0x0000000088e00000, 0x000000008de00000, 0x00000000d8500000)
  object space 81920K, 10% used [0x0000000088e00000,0x00000000896454c8,0x000000008de00000)
 Metaspace       used 11467K, capacity 11716K, committed 12032K, reserved 1060864K
  class space    used 1373K, capacity 1452K, committed 1536K, reserved 1048576K
}
Event: 4.670 GC heap before
{Heap before GC invocations=5 (full 0):
 PSYoungGen      total 66560K, used 66545K [0x00000000d8500000, 0x00000000dcb00000, 0x0000000100000000)
  eden space 61440K, 100% used [0x00000000d8500000,0x00000000dc100000,0x00000000dc100000)
  from space 5120K, 99% used [0x00000000dc600000,0x00000000dcafc4a0,0x00000000dcb00000)
  to   space 5120K, 0% used [0x00000000dc100000,0x00000000dc100000,0x00000000dc600000)
 ParOldGen       total 81920K, used 8469K [0x0000000088e00000, 0x000000008de00000, 0x00000000d8500000)
  object space 81920K, 10% used [0x0000000088e00000,0x00000000896454c8,0x000000008de00000)
 Metaspace       used 15348K, capacity 15614K, committed 15872K, reserved 1062912K
  class space    used 1835K, capacity 1937K, committed 2048K, reserved 1048576K
Event: 4.675 GC heap after
Heap after GC invocations=5 (full 0):
 PSYoungGen      total 66560K, used 5109K [0x00000000d8500000, 0x00000000e1700000, 0x0000000100000000)
  eden space 61440K, 0% used [0x00000000d8500000,0x00000000d8500000,0x00000000dc100000)
  from space 5120K, 99% used [0x00000000dc100000,0x00000000dc5fd600,0x00000000dc600000)
  to   space 13312K, 0% used [0x00000000e0a00000,0x00000000e0a00000,0x00000000e1700000)
 ParOldGen       total 81920K, used 14054K [0x0000000088e00000, 0x000000008de00000, 0x00000000d8500000)
  object space 81920K, 17% used [0x0000000088e00000,0x0000000089bb9830,0x000000008de00000)
 Metaspace       used 15348K, capacity 15614K, committed 15872K, reserved 1062912K
  class space    used 1835K, capacity 1937K, committed 2048K, reserved 1048576K
}
Event: 5.057 GC heap before
{Heap before GC invocations=6 (full 0):
 PSYoungGen      total 66560K, used 22330K [0x00000000d8500000, 0x00000000e1700000, 0x0000000100000000)
  eden space 61440K, 28% used [0x00000000d8500000,0x00000000d95d1578,0x00000000dc100000)
  from space 5120K, 99% used [0x00000000dc100000,0x00000000dc5fd600,0x00000000dc600000)
  to   space 13312K, 0% used [0x00000000e0a00000,0x00000000e0a00000,0x00000000e1700000)
 ParOldGen       total 81920K, used 14054K [0x0000000088e00000, 0x000000008de00000, 0x00000000d8500000)
  object space 81920K, 17% used [0x0000000088e00000,0x0000000089bb9830,0x000000008de00000)
 Metaspace       used 20687K, capacity 21126K, committed 21248K, reserved 1067008K
  class space    used 2614K, capacity 2757K, committed 2816K, reserved 1048576K
Event: 5.062 GC heap after
Heap after GC invocations=6 (full 0):
 PSYoungGen      total 134144K, used 6453K [0x00000000d8500000, 0x00000000e1500000, 0x0000000100000000)
  eden space 122880K, 0% used [0x00000000d8500000,0x00000000d8500000,0x00000000dfd00000)
  from space 11264K, 57% used [0x00000000e0a00000,0x00000000e104d620,0x00000000e1500000)
  to   space 12288K, 0% used [0x00000000dfd00000,0x00000000dfd00000,0x00000000e0900000)
 ParOldGen       total 81920K, used 14062K [0x0000000088e00000, 0x000000008de00000, 0x00000000d8500000)
  object space 81920K, 17% used [0x0000000088e00000,0x0000000089bbb830,0x000000008de00000)
 Metaspace       used 20687K, capacity 21126K, committed 21248K, reserved 1067008K
  class space    used 2614K, capacity 2757K, committed 2816K, reserved 1048576K
}
Event: 5.063 GC heap before
{Heap before GC invocations=7 (full 1):
 PSYoungGen      total 134144K, used 6453K [0x00000000d8500000, 0x00000000e1500000, 0x0000000100000000)
  eden space 122880K, 0% used [0x00000000d8500000,0x00000000d8500000,0x00000000dfd00000)
  from space 11264K, 57% used [0x00000000e0a00000,0x00000000e104d620,0x00000000e1500000)
  to   space 12288K, 0% used [0x00000000dfd00000,0x00000000dfd00000,0x00000000e0900000)
 ParOldGen       total 81920K, used 14062K [0x0000000088e00000, 0x000000008de00000, 0x00000000d8500000)
  object space 81920K, 17% used [0x0000000088e00000,0x0000000089bbb830,0x000000008de00000)
 Metaspace       used 20687K, capacity 21126K, committed 21248K, reserved 1067008K
  class space    used 2614K, capacity 2757K, committed 2816K, reserved 1048576K
Event: 5.092 GC heap after
Heap after GC invocations=7 (full 1):
 PSYoungGen      total 134144K, used 0K [0x00000000d8500000, 0x00000000e1500000, 0x0000000100000000)
  eden space 122880K, 0% used [0x00000000d8500000,0x00000000d8500000,0x00000000dfd00000)
  from space 11264K, 0% used [0x00000000e0a00000,0x00000000e0a00000,0x00000000e1500000)
  to   space 12288K, 0% used [0x00000000dfd00000,0x00000000dfd00000,0x00000000e0900000)
 ParOldGen       total 53248K, used 9780K [0x0000000088e00000, 0x000000008c200000, 0x00000000d8500000)
  object space 53248K, 18% used [0x0000000088e00000,0x000000008978d3b0,0x000000008c200000)
 Metaspace       used 20687K, capacity 21126K, committed 21248K, reserved 1067008K
  class space    used 2614K, capacity 2757K, committed 2816K, reserved 1048576K
}
Event: 9.160 GC heap before
{Heap before GC invocations=8 (full 1):
 PSYoungGen      total 134144K, used 122880K [0x00000000d8500000, 0x00000000e1500000, 0x0000000100000000)
  eden space 122880K, 100% used [0x00000000d8500000,0x00000000dfd00000,0x00000000dfd00000)
  from space 11264K, 0% used [0x00000000e0a00000,0x00000000e0a00000,0x00000000e1500000)
  to   space 12288K, 0% used [0x00000000dfd00000,0x00000000dfd00000,0x00000000e0900000)
 ParOldGen       total 53248K, used 9780K [0x0000000088e00000, 0x000000008c200000, 0x00000000d8500000)
  object space 53248K, 18% used [0x0000000088e00000,0x000000008978d3b0,0x000000008c200000)
 Metaspace       used 30797K, capacity 31708K, committed 31872K, reserved 1077248K
  class space    used 3925K, capacity 4152K, committed 4224K, reserved 1048576K
Event: 9.182 GC heap after
Heap after GC invocations=8 (full 1):
 PSYoungGen      total 135168K, used 12263K [0x00000000d8500000, 0x00000000e7e00000, 0x0000000100000000)
  eden space 122880K, 0% used [0x00000000d8500000,0x00000000d8500000,0x00000000dfd00000)
  from space 12288K, 99% used [0x00000000dfd00000,0x00000000e08f9d48,0x00000000e0900000)
  to   space 16896K, 0% used [0x00000000e6d80000,0x00000000e6d80000,0x00000000e7e00000)
 ParOldGen       total 53248K, used 14567K [0x0000000088e00000, 0x000000008c200000, 0x00000000d8500000)
  object space 53248K, 27% used [0x0000000088e00000,0x0000000089c39e20,0x000000008c200000)
 Metaspace       used 30797K, capacity 31708K, committed 31872K, reserved 1077248K
  class space    used 3925K, capacity 4152K, committed 4224K, reserved 1048576K
}

