# JRE version: Java(TM) SE Runtime Environment (8.0_91-b15) (build 1.8.0_91-b15)
# Java VM: Java HotSpot(TM) 64-Bit Server VM (25.91-b15 mixed mode windows-amd64 compressed oops)
Heap:
 PSYoungGen      total 134656K, used 37642K [0x00000000d8500000, 0x00000000e7c00000, 0x0000000100000000)
  eden space 122880K, 21% used [0x00000000d8500000,0x00000000d9e450c0,0x00000000dfd00000)
  from space 11776K, 99% used [0x00000000dfd00000,0x00000000e087d8f0,0x00000000e0880000)
  to   space 17920K, 0% used [0x00000000e6a80000,0x00000000e6a80000,0x00000000e7c00000)
 ParOldGen       total 54272K, used 18356K [0x0000000088e00000, 0x000000008c300000, 0x00000000d8500000)
  object space 54272K, 33% used [0x0000000088e00000,0x0000000089fed1a8,0x000000008c300000)
 Metaspace       used 31209K, capacity 32206K, committed 32384K, reserved 1077248K
  class space    used 3947K, capacity 4187K, committed 4224K, reserved 1048576K
GC Heap History (10 events):
Event: 3.148 GC heap before
{Heap before GC invocations=4 (full 0):
 PSYoungGen      total 35840K, used 35825K [0x00000000d8500000, 0x00000000dcb00000, 0x0000000100000000)
  eden space 30720K, 100% used [0x00000000d8500000,0x00000000da300000,0x00000000da300000)
  from space 5120K, 99% used [0x00000000da300000,0x00000000da7fc4a0,0x00000000da800000)
  to   space 5120K, 0% used [0x00000000dc600000,0x00000000dc600000,0x00000000dcb00000)
 ParOldGen       total 81920K, used 5074K [0x0000000088e00000, 0x000000008de00000, 0x00000000d8500000)
  object space 81920K, 6% used [0x0000000088e00000,0x00000000892f4be0,0x000000008de00000)
 Metaspace       used 11540K, capacity 11844K, committed 12032K, reserved 1060864K
  class space    used 1374K, capacity 1452K, committed 1536K, reserved 1048576K
Event: 3.151 GC heap after
Heap after GC invocations=4 (full 0):
 PSYoungGen      total 66560K, used 5105K [0x00000000d8500000, 0x00000000dcb00000, 0x0000000100000000)
  eden space 61440K, 0% used [0x00000000d8500000,0x00000000d8500000,0x00000000dc100000)
  from space 5120K, 99% used [0x00000000dc600000,0x00000000dcafc4a0,0x00000000dcb00000)
  to   space 5120K, 0% used [0x00000000dc100000,0x00000000dc100000,0x00000000dc600000)
 ParOldGen       total 81920K, used 5082K [0x0000000088e00000, 0x000000008de00000, 0x00000000d8500000)
  object space 81920K, 6% used [0x0000000088e00000,0x00000000892f6be0,0x000000008de00000)
 Metaspace       used 11540K, capacity 11844K, committed 12032K, reserved 1060864K
  class space    used 1374K, capacity 1452K, committed 1536K, reserved 1048576K
}
Event: 5.038 GC heap before
{Heap before GC invocations=5 (full 0):
 PSYoungGen      total 66560K, used 66545K [0x00000000d8500000, 0x00000000dcb00000, 0x0000000100000000)
  eden space 61440K, 100% used [0x00000000d8500000,0x00000000dc100000,0x00000000dc100000)
  from space 5120K, 99% used [0x00000000dc600000,0x00000000dcafc4a0,0x00000000dcb00000)
  to   space 5120K, 0% used [0x00000000dc100000,0x00000000dc100000,0x00000000dc600000)
 ParOldGen       total 81920K, used 5082K [0x0000000088e00000, 0x000000008de00000, 0x00000000d8500000)
  object space 81920K, 6% used [0x0000000088e00000,0x00000000892f6be0,0x000000008de00000)
 Metaspace       used 15371K, capacity 15678K, committed 16128K, reserved 1062912K
  class space    used 1831K, capacity 1937K, committed 2048K, reserved 1048576K
Event: 5.044 GC heap after
Heap after GC invocations=5 (full 0):
 PSYoungGen      total 66560K, used 5116K [0x00000000d8500000, 0x00000000e1600000, 0x0000000100000000)
  eden space 61440K, 0% used [0x00000000d8500000,0x00000000d8500000,0x00000000dc100000)
  from space 5120K, 99% used [0x00000000dc100000,0x00000000dc5ff188,0x00000000dc600000)
  to   space 12800K, 0% used [0x00000000e0980000,0x00000000e0980000,0x00000000e1600000)
 ParOldGen       total 81920K, used 11093K [0x0000000088e00000, 0x000000008de00000, 0x00000000d8500000)
  object space 81920K, 13% used [0x0000000088e00000,0x00000000898d5400,0x000000008de00000)
 Metaspace       used 15371K, capacity 15678K, committed 16128K, reserved 1062912K
  class space    used 1831K, capacity 1937K, committed 2048K, reserved 1048576K
}
Event: 5.443 GC heap before
{Heap before GC invocations=6 (full 0):
 PSYoungGen      total 66560K, used 22425K [0x00000000d8500000, 0x00000000e1600000, 0x0000000100000000)
  eden space 61440K, 28% used [0x00000000d8500000,0x00000000d95e75b0,0x00000000dc100000)
  from space 5120K, 99% used [0x00000000dc100000,0x00000000dc5ff188,0x00000000dc600000)
  to   space 12800K, 0% used [0x00000000e0980000,0x00000000e0980000,0x00000000e1600000)
 ParOldGen       total 81920K, used 11093K [0x0000000088e00000, 0x000000008de00000, 0x00000000d8500000)
  object space 81920K, 13% used [0x0000000088e00000,0x00000000898d5400,0x000000008de00000)
 Metaspace       used 20720K, capacity 21094K, committed 21248K, reserved 1067008K
  class space    used 2609K, capacity 2725K, committed 2816K, reserved 1048576K
Event: 5.448 GC heap after
Heap after GC invocations=6 (full 0):
 PSYoungGen      total 133632K, used 6045K [0x00000000d8500000, 0x00000000e1400000, 0x0000000100000000)
  eden space 122880K, 0% used [0x00000000d8500000,0x00000000d8500000,0x00000000dfd00000)
  from space 10752K, 56% used [0x00000000e0980000,0x00000000e0f67610,0x00000000e1400000)
  to   space 11776K, 0% used [0x00000000dfd00000,0x00000000dfd00000,0x00000000e0880000)
 ParOldGen       total 81920K, used 11101K [0x0000000088e00000, 0x000000008de00000, 0x00000000d8500000)
  object space 81920K, 13% used [0x0000000088e00000,0x00000000898d7400,0x000000008de00000)
 Metaspace       used 20720K, capacity 21094K, committed 21248K, reserved 1067008K
  class space    used 2609K, capacity 2725K, committed 2816K, reserved 1048576K
}
Event: 5.448 GC heap before
{Heap before GC invocations=7 (full 1):
 PSYoungGen      total 133632K, used 6045K [0x00000000d8500000, 0x00000000e1400000, 0x0000000100000000)
  eden space 122880K, 0% used [0x00000000d8500000,0x00000000d8500000,0x00000000dfd00000)
  from space 10752K, 56% used [0x00000000e0980000,0x00000000e0f67610,0x00000000e1400000)
  to   space 11776K, 0% used [0x00000000dfd00000,0x00000000dfd00000,0x00000000e0880000)
 ParOldGen       total 81920K, used 11101K [0x0000000088e00000, 0x000000008de00000, 0x00000000d8500000)
  object space 81920K, 13% used [0x0000000088e00000,0x00000000898d7400,0x000000008de00000)
 Metaspace       used 20720K, capacity 21094K, committed 21248K, reserved 1067008K
  class space    used 2609K, capacity 2725K, committed 2816K, reserved 1048576K
Event: 5.480 GC heap after
Heap after GC invocations=7 (full 1):
 PSYoungGen      total 133632K, used 0K [0x00000000d8500000, 0x00000000e1400000, 0x0000000100000000)
  eden space 122880K, 0% used [0x00000000d8500000,0x00000000d8500000,0x00000000dfd00000)
  from space 10752K, 0% used [0x00000000e0980000,0x00000000e0980000,0x00000000e1400000)
  to   space 11776K, 0% used [0x00000000dfd00000,0x00000000dfd00000,0x00000000e0880000)
 ParOldGen       total 54272K, used 9934K [0x0000000088e00000, 0x000000008c300000, 0x00000000d8500000)
  object space 54272K, 18% used [0x0000000088e00000,0x00000000897b3a38,0x000000008c300000)
 Metaspace       used 20720K, capacity 21094K, committed 21248K, reserved 1067008K
  class space    used 2609K, capacity 2725K, committed 2816K, reserved 1048576K
}
Event: 8.689 GC heap before
{Heap before GC invocations=8 (full 1):
 PSYoungGen      total 133632K, used 122880K [0x00000000d8500000, 0x00000000e1400000, 0x0000000100000000)
  eden space 122880K, 100% used [0x00000000d8500000,0x00000000dfd00000,0x00000000dfd00000)
  from space 10752K, 0% used [0x00000000e0980000,0x00000000e0980000,0x00000000e1400000)
  to   space 11776K, 0% used [0x00000000dfd00000,0x00000000dfd00000,0x00000000e0880000)
 ParOldGen       total 54272K, used 10126K [0x0000000088e00000, 0x000000008c300000, 0x00000000d8500000)
  object space 54272K, 18% used [0x0000000088e00000,0x00000000897e3a48,0x000000008c300000)
 Metaspace       used 30780K, capacity 31694K, committed 31872K, reserved 1077248K
  class space    used 3928K, capacity 4123K, committed 4224K, reserved 1048576K
Event: 8.701 GC heap after
Heap after GC invocations=8 (full 1):
 PSYoungGen      total 134656K, used 11766K [0x00000000d8500000, 0x00000000e7c00000, 0x0000000100000000)
  eden space 122880K, 0% used [0x00000000d8500000,0x00000000d8500000,0x00000000dfd00000)
  from space 11776K, 99% used [0x00000000dfd00000,0x00000000e087d8f0,0x00000000e0880000)
  to   space 17920K, 0% used [0x00000000e6a80000,0x00000000e6a80000,0x00000000e7c00000)
 ParOldGen       total 54272K, used 18356K [0x0000000088e00000, 0x000000008c300000, 0x00000000d8500000)
  object space 54272K, 33% used [0x0000000088e00000,0x0000000089fed1a8,0x000000008c300000)
 Metaspace       used 30780K, capacity 31694K, committed 31872K, reserved 1077248K
  class space    used 3928K, capacity 4123K, committed 4224K, reserved 1048576K
}

