# JRE version: Java(TM) SE Runtime Environment (8.0_91-b15) (build 1.8.0_91-b15)
# Java VM: Java HotSpot(TM) 64-Bit Server VM (25.91-b15 mixed mode windows-amd64 compressed oops)
Heap:
 PSYoungGen      total 135680K, used 21393K [0x00000000d8500000, 0x00000000e7a80000, 0x0000000100000000)
  eden space 121856K, 6% used [0x00000000d8500000,0x00000000d8c693d8,0x00000000dfc00000)
  from space 13824K, 99% used [0x00000000dfc00000,0x00000000e097b0c0,0x00000000e0980000)
  to   space 17920K, 0% used [0x00000000e6900000,0x00000000e6900000,0x00000000e7a80000)
 ParOldGen       total 58880K, used 17334K [0x0000000088e00000, 0x000000008c780000, 0x00000000d8500000)
  object space 58880K, 29% used [0x0000000088e00000,0x0000000089eedba8,0x000000008c780000)
 Metaspace       used 31350K, capacity 32274K, committed 32384K, reserved 1077248K
  class space    used 3940K, capacity 4167K, committed 4224K, reserved 1048576K
GC Heap History (10 events):
Event: 2.754 GC heap before
{Heap before GC invocations=4 (full 0):
 PSYoungGen      total 35840K, used 35825K [0x00000000d8500000, 0x00000000dcb00000, 0x0000000100000000)
  eden space 30720K, 100% used [0x00000000d8500000,0x00000000da300000,0x00000000da300000)
  from space 5120K, 99% used [0x00000000da300000,0x00000000da7fc4a0,0x00000000da800000)
  to   space 5120K, 0% used [0x00000000dc600000,0x00000000dc600000,0x00000000dcb00000)
 ParOldGen       total 81920K, used 5026K [0x0000000088e00000, 0x000000008de00000, 0x00000000d8500000)
  object space 81920K, 6% used [0x0000000088e00000,0x00000000892e8be0,0x000000008de00000)
 Metaspace       used 11463K, capacity 11716K, committed 12032K, reserved 1060864K
  class space    used 1366K, capacity 1452K, committed 1536K, reserved 1048576K
Event: 2.757 GC heap after
Heap after GC invocations=4 (full 0):
 PSYoungGen      total 66560K, used 5105K [0x00000000d8500000, 0x00000000dcb00000, 0x0000000100000000)
  eden space 61440K, 0% used [0x00000000d8500000,0x00000000d8500000,0x00000000dc100000)
  from space 5120K, 99% used [0x00000000dc600000,0x00000000dcafc4a0,0x00000000dcb00000)
  to   space 5120K, 0% used [0x00000000dc100000,0x00000000dc100000,0x00000000dc600000)
 ParOldGen       total 81920K, used 5042K [0x0000000088e00000, 0x000000008de00000, 0x00000000d8500000)
  object space 81920K, 6% used [0x0000000088e00000,0x00000000892ecbe0,0x000000008de00000)
 Metaspace       used 11463K, capacity 11716K, committed 12032K, reserved 1060864K
  class space    used 1366K, capacity 1452K, committed 1536K, reserved 1048576K
}
Event: 4.543 GC heap before
{Heap before GC invocations=5 (full 0):
 PSYoungGen      total 66560K, used 66545K [0x00000000d8500000, 0x00000000dcb00000, 0x0000000100000000)
  eden space 61440K, 100% used [0x00000000d8500000,0x00000000dc100000,0x00000000dc100000)
  from space 5120K, 99% used [0x00000000dc600000,0x00000000dcafc4a0,0x00000000dcb00000)
  to   space 5120K, 0% used [0x00000000dc100000,0x00000000dc100000,0x00000000dc600000)
 ParOldGen       total 81920K, used 5042K [0x0000000088e00000, 0x000000008de00000, 0x00000000d8500000)
  object space 81920K, 6% used [0x0000000088e00000,0x00000000892ecbe0,0x000000008de00000)
 Metaspace       used 15332K, capacity 15582K, committed 15744K, reserved 1062912K
  class space    used 1823K, capacity 1905K, committed 1920K, reserved 1048576K
Event: 4.549 GC heap after
Heap after GC invocations=5 (full 0):
 PSYoungGen      total 66560K, used 5116K [0x00000000d8500000, 0x00000000e1600000, 0x0000000100000000)
  eden space 61440K, 0% used [0x00000000d8500000,0x00000000d8500000,0x00000000dc100000)
  from space 5120K, 99% used [0x00000000dc100000,0x00000000dc5ff188,0x00000000dc600000)
  to   space 12800K, 0% used [0x00000000e0980000,0x00000000e0980000,0x00000000e1600000)
 ParOldGen       total 81920K, used 11034K [0x0000000088e00000, 0x000000008de00000, 0x00000000d8500000)
  object space 81920K, 13% used [0x0000000088e00000,0x00000000898c6b30,0x000000008de00000)
 Metaspace       used 15332K, capacity 15582K, committed 15744K, reserved 1062912K
  class space    used 1823K, capacity 1905K, committed 1920K, reserved 1048576K
}
Event: 8.451 GC heap before
{Heap before GC invocations=6 (full 0):
 PSYoungGen      total 66560K, used 49396K [0x00000000d8500000, 0x00000000e1600000, 0x0000000100000000)
  eden space 61440K, 72% used [0x00000000d8500000,0x00000000db03e118,0x00000000dc100000)
  from space 5120K, 99% used [0x00000000dc100000,0x00000000dc5ff188,0x00000000dc600000)
  to   space 12800K, 0% used [0x00000000e0980000,0x00000000e0980000,0x00000000e1600000)
 ParOldGen       total 81920K, used 11034K [0x0000000088e00000, 0x000000008de00000, 0x00000000d8500000)
  object space 81920K, 13% used [0x0000000088e00000,0x00000000898c6b30,0x000000008de00000)
 Metaspace       used 20613K, capacity 21036K, committed 21248K, reserved 1069056K
  class space    used 2373K, capacity 2494K, committed 2560K, reserved 1048576K
Event: 8.461 GC heap after
Heap after GC invocations=6 (full 0):
 PSYoungGen      total 134656K, used 10674K [0x00000000d8500000, 0x00000000e1800000, 0x0000000100000000)
  eden space 121856K, 0% used [0x00000000d8500000,0x00000000d8500000,0x00000000dfc00000)
  from space 12800K, 83% used [0x00000000e0980000,0x00000000e13ec838,0x00000000e1600000)
  to   space 13824K, 0% used [0x00000000dfc00000,0x00000000dfc00000,0x00000000e0980000)
 ParOldGen       total 81920K, used 11050K [0x0000000088e00000, 0x000000008de00000, 0x00000000d8500000)
  object space 81920K, 13% used [0x0000000088e00000,0x00000000898cab30,0x000000008de00000)
 Metaspace       used 20613K, capacity 21036K, committed 21248K, reserved 1069056K
  class space    used 2373K, capacity 2494K, committed 2560K, reserved 1048576K
}
Event: 8.461 GC heap before
{Heap before GC invocations=7 (full 1):
 PSYoungGen      total 134656K, used 10674K [0x00000000d8500000, 0x00000000e1800000, 0x0000000100000000)
  eden space 121856K, 0% used [0x00000000d8500000,0x00000000d8500000,0x00000000dfc00000)
  from space 12800K, 83% used [0x00000000e0980000,0x00000000e13ec838,0x00000000e1600000)
  to   space 13824K, 0% used [0x00000000dfc00000,0x00000000dfc00000,0x00000000e0980000)
 ParOldGen       total 81920K, used 11050K [0x0000000088e00000, 0x000000008de00000, 0x00000000d8500000)
  object space 81920K, 13% used [0x0000000088e00000,0x00000000898cab30,0x000000008de00000)
 Metaspace       used 20613K, capacity 21036K, committed 21248K, reserved 1069056K
  class space    used 2373K, capacity 2494K, committed 2560K, reserved 1048576K
Event: 8.508 GC heap after
Heap after GC invocations=7 (full 1):
 PSYoungGen      total 134656K, used 0K [0x00000000d8500000, 0x00000000e1800000, 0x0000000100000000)
  eden space 121856K, 0% used [0x00000000d8500000,0x00000000d8500000,0x00000000dfc00000)
  from space 12800K, 0% used [0x00000000e0980000,0x00000000e0980000,0x00000000e1600000)
  to   space 13824K, 0% used [0x00000000dfc00000,0x00000000dfc00000,0x00000000e0980000)
 ParOldGen       total 58880K, used 14218K [0x0000000088e00000, 0x000000008c780000, 0x00000000d8500000)
  object space 58880K, 24% used [0x0000000088e00000,0x0000000089be2a70,0x000000008c780000)
 Metaspace       used 20613K, capacity 21036K, committed 21248K, reserved 1069056K
  class space    used 2373K, capacity 2494K, committed 2560K, reserved 1048576K
}
Event: 17.001 GC heap before
{Heap before GC invocations=8 (full 1):
 PSYoungGen      total 134656K, used 121856K [0x00000000d8500000, 0x00000000e1800000, 0x0000000100000000)
  eden space 121856K, 100% used [0x00000000d8500000,0x00000000dfc00000,0x00000000dfc00000)
  from space 12800K, 0% used [0x00000000e0980000,0x00000000e0980000,0x00000000e1600000)
  to   space 13824K, 0% used [0x00000000dfc00000,0x00000000dfc00000,0x00000000e0980000)
 ParOldGen       total 58880K, used 14218K [0x0000000088e00000, 0x000000008c780000, 0x00000000d8500000)
  object space 58880K, 24% used [0x0000000088e00000,0x0000000089be2a70,0x000000008c780000)
 Metaspace       used 31141K, capacity 32074K, committed 32384K, reserved 1077248K
  class space    used 3924K, capacity 4123K, committed 4224K, reserved 1048576K
Event: 17.016 GC heap after
Heap after GC invocations=8 (full 1):
 PSYoungGen      total 135680K, used 13804K [0x00000000d8500000, 0x00000000e7a80000, 0x0000000100000000)
  eden space 121856K, 0% used [0x00000000d8500000,0x00000000d8500000,0x00000000dfc00000)
  from space 13824K, 99% used [0x00000000dfc00000,0x00000000e097b0c0,0x00000000e0980000)
  to   space 17920K, 0% used [0x00000000e6900000,0x00000000e6900000,0x00000000e7a80000)
 ParOldGen       total 58880K, used 17334K [0x0000000088e00000, 0x000000008c780000, 0x00000000d8500000)
  object space 58880K, 29% used [0x0000000088e00000,0x0000000089eedba8,0x000000008c780000)
 Metaspace       used 31141K, capacity 32074K, committed 32384K, reserved 1077248K
  class space    used 3924K, capacity 4123K, committed 4224K, reserved 1048576K
}

